#
# There is insufficient memory for the Java Runtime Environment to continue.
# Native memory allocation (mmap) failed to map 536870912 bytes for Failed to commit area from 0x0000000600000000 to 0x0000000620000000 of length 536870912.
# Possible reasons:
#   The system is out of physical RAM or swap space
#   The process is running with CompressedOops enabled, and the Java Heap may be blocking the growth of the native heap
# Possible solutions:
#   Reduce memory load on the system
#   Increase physical memory or swap space
#   Check if swap backing store is full
#   Decrease Java heap size (-Xmx/-Xms)
#   Decrease number of Java threads
#   Decrease Java thread stack sizes (-Xss)
#   Set larger code cache with -XX:ReservedCodeCacheSize=
# This output file may be truncated or incomplete.
#
#  Out of Memory Error (./src/hotspot/os/windows/os_windows.cpp:3301), pid=53064, tid=12380
#
# JRE version:  (11.0.10+9) (build )
# Java VM: Dynamic Code Evolution 64-Bit Server VM (11.0.10+9-b1341.41, mixed mode, sharing, tiered, compressed oops, g1 gc, windows-amd64)
# Core dump will be written. Default location: C:\Users\sstephen\Downloads\Property_team_5 (1)\Project_team_5\hs_err_pid53064.mdmp
#

---------------  S U M M A R Y ------------

Command Line: -Dsun.locale.formatasdefault=true -javaagent:C:\ide\installation\JetBrains\IntelliJ IDEA Community Edition 2021.1.1\lib\idea_rt.jar=55777:C:\ide\installation\JetBrains\IntelliJ IDEA Community Edition 2021.1.1\bin -Dfile.encoding=UTF-8 com.example.Project_team_5.ProjectTeam5Application

Host: Intel(R) Xeon(R) Platinum 8272CL CPU @ 2.60GHz, 8 cores, 31G,  Windows Server 2019 , 64 bit Build 19041 (10.0.19041.4597)
Time: Fri Aug  2 15:29:54 2024 India Standard Time elapsed time: 0.138039 seconds (0d 0h 0m 0s)

---------------  T H R E A D  ---------------

Current thread (0x0000010aa94fd000):  JavaThread "Unknown thread" [_thread_in_vm, id=12380, stack(0x0000000152d00000,0x0000000152e00000)]

Stack: [0x0000000152d00000,0x0000000152e00000]
Native frames: (J=compiled Java code, j=interpreted, Vv=VM code, C=native code)
V  [jvm.dll+0x5f84fa]
V  [jvm.dll+0x77e085]
V  [jvm.dll+0x77f5dd]
V  [jvm.dll+0x77fc93]
V  [jvm.dll+0x2457e8]
V  [jvm.dll+0x5f58f4]
V  [jvm.dll+0x5ea975]
V  [jvm.dll+0x30228b]
V  [jvm.dll+0x3021fa]
V  [jvm.dll+0x3020d2]
V  [jvm.dll+0x306fb6]
V  [jvm.dll+0x34f843]
V  [jvm.dll+0x34ff46]
V  [jvm.dll+0x34f943]
V  [jvm.dll+0x2dbcb8]
V  [jvm.dll+0x2dce57]
V  [jvm.dll+0x75c4d7]
V  [jvm.dll+0x75dd6c]
V  [jvm.dll+0x35cdb9]
V  [jvm.dll+0x73fc9e]
V  [jvm.dll+0x3c5663]
V  [jvm.dll+0x3c7a21]
C  [jli.dll+0x5373]
C  [ucrtbase.dll+0x21bb2]
C  [KERNEL32.DLL+0x17374]
C  [ntdll.dll+0x4cc91]


---------------  P R O C E S S  ---------------

Threads class SMR info:
_java_thread_list=0x0000010aa7a96290, length=0, elements={
}

Java Threads: ( => current thread )

Other Threads:
  0x0000010aa9517800 GCTaskThread "GC Thread#0" [stack: 0x0000000152e00000,0x0000000152f00000] [id=84572]
  0x0000010aa9598800 ConcurrentGCThread "G1 Main Marker" [stack: 0x0000000152f00000,0x0000000153000000] [id=82296]
  0x0000010aa959a800 ConcurrentGCThread "G1 Conc#0" [stack: 0x0000000153000000,0x0000000153100000] [id=52240]

[error occurred during error reporting (printing all threads), id 0xc0000005, EXCEPTION_ACCESS_VIOLATION (0xc0000005) at pc=0x00007ffaeed3c437]

VM state:not at safepoint (not fully initialized)

VM Mutex/Monitor currently owned by a thread:  ([mutex/lock_event])
[0x0000010aa94fc710] Heap_lock - owner thread: 0x0000010aa94fd000

Heap address: 0x0000000600000000, size: 8192 MB, Compressed Oops mode: Non-zero based: 0x0000000600000000
Narrow klass base: 0x0000000000000000, Narrow klass shift: 0

GC Heap History (0 events):
No events

Deoptimization events (0 events):
No events

Classes redefined (0 events):
No events

Internal exceptions (0 events):
No events

Events (1 events):
Event: 0.108 Loaded shared library C:\ide\installation\JetBrains\IntelliJ IDEA Community Edition 2021.1.1\jbr\bin\zip.dll


Dynamic libraries:
0x00007ff7c75d0000 - 0x00007ff7c75da000 	C:\ide\installation\JetBrains\IntelliJ IDEA Community Edition 2021.1.1\jbr\bin\java.exe
0x00007ffb4e170000 - 0x00007ffb4e368000 	C:\windows\SYSTEM32\ntdll.dll
0x00007ffb4d130000 - 0x00007ffb4d1f1000 	C:\windows\System32\KERNEL32.DLL
0x00007ffb4bba0000 - 0x00007ffb4be96000 	C:\windows\System32\KERNELBASE.dll
0x00007ffb4b820000 - 0x00007ffb4b920000 	C:\windows\System32\ucrtbase.dll
0x00007ffb10c10000 - 0x00007ffb10c27000 	C:\ide\installation\JetBrains\IntelliJ IDEA Community Edition 2021.1.1\jbr\bin\VCRUNTIME140.dll
0x00007ffb10c30000 - 0x00007ffb10c49000 	C:\ide\installation\JetBrains\IntelliJ IDEA Community Edition 2021.1.1\jbr\bin\jli.dll
0x00007ffb4c870000 - 0x00007ffb4ca0f000 	C:\windows\System32\USER32.dll
0x00007ffb4bea0000 - 0x00007ffb4bec2000 	C:\windows\System32\win32u.dll
0x00007ffb4d440000 - 0x00007ffb4d46b000 	C:\windows\System32\GDI32.dll
0x00007ffb4c080000 - 0x00007ffb4c197000 	C:\windows\System32\gdi32full.dll
0x00007ffb4bed0000 - 0x00007ffb4bf6d000 	C:\windows\System32\msvcp_win.dll
0x00007ffb31830000 - 0x00007ffb31aca000 	C:\windows\WinSxS\amd64_microsoft.windows.common-controls_6595b64144ccf1df_6.0.19041.4355_none_60b8b9eb71f62e16\COMCTL32.dll
0x00007ffb4c7d0000 - 0x00007ffb4c86e000 	C:\windows\System32\msvcrt.dll
0x00007ffb4e010000 - 0x00007ffb4e03f000 	C:\windows\System32\IMM32.DLL
0x0000010aa7c10000 - 0x0000010aa7c24000 	C:\windows\System32\umppc18513.dll
0x00007ffaee9b0000 - 0x00007ffaeea4d000 	C:\ide\installation\JetBrains\IntelliJ IDEA Community Edition 2021.1.1\jbr\bin\msvcp140.dll
0x00007ffaeea50000 - 0x00007ffaef59f000 	C:\ide\installation\JetBrains\IntelliJ IDEA Community Edition 2021.1.1\jbr\bin\server\jvm.dll
0x00007ffb4d380000 - 0x00007ffb4d430000 	C:\windows\System32\ADVAPI32.dll
0x00007ffb4d200000 - 0x00007ffb4d2a0000 	C:\windows\System32\sechost.dll
0x00007ffb4c6a0000 - 0x00007ffb4c7c3000 	C:\windows\System32\RPCRT4.dll
0x00007ffb4bf70000 - 0x00007ffb4bf97000 	C:\windows\System32\bcrypt.dll
0x00007ffb4ded0000 - 0x00007ffb4ded8000 	C:\windows\System32\PSAPI.DLL
0x00007ffb3dfa0000 - 0x00007ffb3dfa9000 	C:\windows\SYSTEM32\WSOCK32.dll
0x00007ffb4d300000 - 0x00007ffb4d36b000 	C:\windows\System32\WS2_32.dll
0x00007ffb2f2c0000 - 0x00007ffb2f2e7000 	C:\windows\SYSTEM32\WINMM.dll
0x00007ffb40470000 - 0x00007ffb4047a000 	C:\windows\SYSTEM32\VERSION.dll
0x00007ffb499c0000 - 0x00007ffb499d2000 	C:\windows\SYSTEM32\kernel.appcore.dll
0x00007ffb1f2b0000 - 0x00007ffb1f2c1000 	C:\ide\installation\JetBrains\IntelliJ IDEA Community Edition 2021.1.1\jbr\bin\verify.dll
0x00007ffb2e8c0000 - 0x00007ffb2eaa4000 	C:\windows\SYSTEM32\DBGHELP.DLL
0x00007ffb2ec00000 - 0x00007ffb2ec34000 	C:\windows\SYSTEM32\dbgcore.DLL
0x00007ffb4bff0000 - 0x00007ffb4c072000 	C:\windows\System32\bcryptPrimitives.dll
0x00007ffb137a0000 - 0x00007ffb137c9000 	C:\ide\installation\JetBrains\IntelliJ IDEA Community Edition 2021.1.1\jbr\bin\java.dll
0x00007ffb285f0000 - 0x00007ffb285fb000 	C:\ide\installation\JetBrains\IntelliJ IDEA Community Edition 2021.1.1\jbr\bin\jimage.dll
0x00007ffb0f640000 - 0x00007ffb0f64f000 	C:\ide\installation\JetBrains\IntelliJ IDEA Community Edition 2021.1.1\jbr\bin\instrument.dll
0x00007ffb13760000 - 0x00007ffb13778000 	C:\ide\installation\JetBrains\IntelliJ IDEA Community Edition 2021.1.1\jbr\bin\zip.dll

dbghelp: loaded successfully - version: 4.0.5 - missing functions: none
symbol engine: initialized successfully - sym options: 0x614 - pdb path: .;C:\ide\installation\JetBrains\IntelliJ IDEA Community Edition 2021.1.1\jbr\bin;C:\windows\SYSTEM32;C:\windows\WinSxS\amd64_microsoft.windows.common-controls_6595b64144ccf1df_6.0.19041.4355_none_60b8b9eb71f62e16;C:\ide\installation\JetBrains\IntelliJ IDEA Community Edition 2021.1.1\jbr\bin\server

VM Arguments:
jvm_args: -Dsun.locale.formatasdefault=true -javaagent:C:\ide\installation\JetBrains\IntelliJ IDEA Community Edition 2021.1.1\lib\idea_rt.jar=55777:C:\ide\installation\JetBrains\IntelliJ IDEA Community Edition 2021.1.1\bin -Dfile.encoding=UTF-8 
java_command: com.example.Project_team_5.ProjectTeam5Application
java_class_path (initial): C:\Users\sstephen\Downloads\Property_team_5 (1)\Project_team_5\build\classes\java\main;C:\Users\sstephen\Downloads\Property_team_5 (1)\Project_team_5\build\resources\main;C:\Users\sstephen\Downloads\sqljdbc_12.6.3.0_enu 1\sqljdbc_12.6\enu\jars\mssql-jdbc-12.6.3.jre11.jar;C:\Users\sstephen\Downloads\gradle-7.0.2-bin\gradle-7.0.2\caches\modules-2\files-2.1\org.springframework.boot\spring-boot-starter-data-jpa\2.7.1\39e98264c195a06c8c29a63c24b6ce295ca10795\spring-boot-starter-data-jpa-2.7.1.jar;C:\Users\sstephen\Downloads\gradle-7.0.2-bin\gradle-7.0.2\caches\modules-2\files-2.1\org.springframework.boot\spring-boot-starter-web\2.7.1\29f47f503f9955b1a9746870aeaebdba448416d\spring-boot-starter-web-2.7.1.jar;C:\Users\sstephen\Downloads\gradle-7.0.2-bin\gradle-7.0.2\caches\modules-2\files-2.1\org.springdoc\springdoc-openapi-ui\1.7.0\f4763107b0fb1f9c17fe6523b2fd0ca6cb201d66\springdoc-openapi-ui-1.7.0.jar;C:\Users\sstephen\Downloads\gradle-7.0.2-bin\gradle-7.0.2\caches\modules-2\files-2.1\io.springfox\springfox-swagger2\2.10.5\995e036fc468a8656c1643933c0237d37d3cfaa7\springfox-swagger2-2.10.5.jar;C:\Users\sstephen\Downloads\gradle-7.0.2-bin\gradle-7.0.2\caches\modules-2\files-2.1\io.springfox\springfox-swagger-ui\2.10.5\6378e4b8c894fbc876055bb1b6ceb38b6da114f2\springfox-swagger-ui-2.10.5.jar;C:\Users\sstephen\Downloads\gradle-7.0.2-bin\gradle-7.0.2\caches\modules-2\files-2.1\org.springframework.boot\spring-boot-starter-aop\2.7.1\e7c78497e3528ae3037c723259b4b0944994f03\spring-boot-starter-aop-2.7.1.jar;C:\Users\sstephen\Downloads\gradle-7.0.2-bin\gradle-7.0.2\caches\modules-2\files-2.1\org.springframework.boot\spring-boot-starter-jdbc\2.7.1\bba8a72a8042cec0b7961f11b0b3332724f5845e\spring-boot-starter-jdbc-2.7.1.jar;C:\Users\sstephen\Downloads\gradle-7.0.2-bin\gradle-7.0.2\caches\modules-2\files-2.1\jakarta.transaction\jakarta.transaction-api\1.3.3\c4179d48720a1e87202115fbed6089bdc4195405\jakarta.transaction-api-1.3.3.jar;C:\Users\sstephen\Downloads
Launcher Type: SUN_STANDARD

[Global flags]
     intx CICompilerCount                          = 4                                         {product} {ergonomic}
     uint ConcGCThreads                            = 2                                         {product} {ergonomic}
     uint G1ConcRefinementThreads                  = 8                                         {product} {ergonomic}
   size_t G1HeapRegionSize                         = 2097152                                   {product} {ergonomic}
    uintx GCDrainStackTargetSize                   = 64                                        {product} {ergonomic}
   size_t InitialHeapSize                          = 536870912                                 {product} {ergonomic}
   size_t MarkStackSize                            = 4194304                                   {product} {ergonomic}
   size_t MaxHeapSize                              = 8589934592                                {product} {ergonomic}
   size_t MinHeapDeltaBytes                        = 2097152                                   {product} {ergonomic}
    uintx NonNMethodCodeHeapSize                   = 5836300                                {pd product} {ergonomic}
    uintx NonProfiledCodeHeapSize                  = 122910970                              {pd product} {ergonomic}
    uintx ProfiledCodeHeapSize                     = 122910970                              {pd product} {ergonomic}
    uintx ReservedCodeCacheSize                    = 251658240                              {pd product} {ergonomic}
     bool SegmentedCodeCache                       = true                                      {product} {ergonomic}
     bool UseCompressedClassPointers               = true                                 {lp64_product} {ergonomic}
     bool UseCompressedOops                        = true                                 {lp64_product} {ergonomic}
     bool UseG1GC                                  = true                                      {product} {ergonomic}
     bool UseLargePagesIndividualAllocation        = false                                  {pd product} {ergonomic}

Logging:
Log output configuration:
 #0: stdout all=warning uptime,level,tags
 #1: stderr all=off uptime,level,tags

Environment Variables:
JAVA_HOME=C:\ide\installation\Java\jdk-11.0.10\
JAVA_TOOL_OPTIONS=-Dsun.locale.formatasdefault=true
CLASSPATH=.;C:\PROGRA~1\IBM\SQLLIB\java\db2java.zip;C:\PROGRA~1\IBM\SQLLIB\java\db2jcc4.jar;C:\PROGRA~1\IBM\SQLLIB\java\db2jcc_license_cu.jar;C:\PROGRA~1\IBM\SQLLIB\bin
PATH=C:\Program Files\Microsoft SDKs\Azure\CLI2\wbin;C:\Program Files\Eclipse Adoptium\jre-11.0.20.8-hotspot\bin;C:\Program Files (x86)\Eclipse Adoptium\jre-11.0.20.8-hotspot\bin;C:\Program Files (x86)\Windows Resource Kits\Tools\;C:\ide\installation\Java\jdk-11.0.10\bin;C:\Program Files (x86)\MKS Toolkit\mksnt;C:\PROGRA~2\MKSTOO~1\bin64;C:\PROGRA~2\MKSTOO~1\bin;C:\PROGRA~2\MKSTOO~1\bin\X11;C:\PROGRA~2\MKSTOO~1\mksnt;C:\ide\installation\Datastage\DS_11.7/jdk32\jre\bin;C:\ide\installation\Datastage\DS_11.7/jdk32\jre\bin\j9vm;C:\ide\installation\Datastage\DS_11.7\ASBNode\lib\cpp;C:\ide\installation\Datastage\DS_11.7\ASBNode\apps\proxy\cpp\vc60\MT_dll\bin;C:\Program Files (x86)\IBM\EHLLAPI\;C:\instantclient_11_2;C:\Program Files (x86)\Avaya\Proactive Contact 5.2\Services\3rdParty\Oracle11g;C:\Program Files (x86)\Avaya\Proactive Contact 5.2\Services\Common;C:\ProgramData\Oracle\Java\javapath;C:\windows\system32;C:\windows;C:\windows\System32\Wbem;C:\windows\System32\WindowsPowerShell\v1.0\;C:\windows\System32\OpenSSH\;C:\Program Files (x86)\Verint\Logger\;C:\Program Files (x86)\Verint\Playback\;C:\Program Files (x86)\SGP International\DataQuest Pro\;C:\Program Files (x86)\Microsoft SQL Server\Client SDK\ODBC\130\Tools\Binn\;C:\Program Files (x86)\Microsoft SQL Server\130\Tools\Binn\;C:\Program Files (x86)\Microsoft SQL Server\130\DTS\Binn\;C:\Program Files (x86)\Microsoft SQL Server\130\Tools\Binn\ManagementStudio\;C:\Program Files\Microsoft SQL Server\130\Tools\Binn\;C:\Program Files (x86)\Microsoft SQL Server\110\DTS\Binn\;C:\Program Files (x86)\Microsoft SQL Server\120\DTS\Binn\;C:\Program Files (x86)\Microsoft SQL Server\140\DTS\Binn\;C:\Program Files (x86)\Microsoft SQL Server\150\DTS\Binn\;C:\ide\installation\minikube;C:\ide\installation\Azure Data Studio\bin;C:\ide\installation\Go\bin;C:\ide\installation\Google\Cloud SDK\google-cloud-sdk\bin;C:\ide\installation\gradle\gradle-6.2-all\gradle-6.2\bin;C:\ide\installation\kubectl\kubectl.exe;C:\ide\installation\PuTTY\;C:
USERNAME=sstephen
SHELL=C:/PROGRA~2/MKSTOO~1/mksnt/sh.exe
DISPLAY=:0.0
OS=Windows_NT
PROCESSOR_IDENTIFIER=Intel64 Family 6 Model 85 Stepping 7, GenuineIntel



---------------  S Y S T E M  ---------------

OS: Windows Server 2019 , 64 bit Build 19041 (10.0.19041.4597)
OS uptime: 5 days 5:58 hours
Hyper-V role detected

CPU:total 8 (initial active 8) (4 cores per cpu, 2 threads per core) family 6 model 85 stepping 7 microcode 0xffffffff, cmov, cx8, fxsr, mmx, sse, sse2, sse3, ssse3, sse4.1, sse4.2, popcnt, avx, avx2, aes, clmul, erms, rtm, 3dnowpref, lzcnt, ht, tsc, bmi1, bmi2, adx, evex, fma

Memory: 4k page, system-wide physical 32767M (5014M free)
TotalPageFile size 40959M (AvailPageFile size 187M)
current process WorkingSet (physical memory assigned to process): 11M, peak: 11M
current process commit charge ("private bytes"): 61M, peak: 573M

vm_info: Dynamic Code Evolution 64-Bit Server VM (11.0.10+9-b1341.41) for windows-amd64 JRE (11.0.10+9-b1341.41), built on Apr 17 2021 07:18:15 by "" with MS VC++ 14.0 (VS2015)

END.
