#
# There is insufficient memory for the Java Runtime Environment to continue.
# Native memory allocation (malloc) failed to allocate 2492336 bytes for Chunk::new
# Possible reasons:
#   The system is out of physical RAM or swap space
#   The process is running with CompressedOops enabled, and the Java Heap may be blocking the growth of the native heap
# Possible solutions:
#   Reduce memory load on the system
#   Increase physical memory or swap space
#   Check if swap backing store is full
#   Decrease Java heap size (-Xmx/-Xms)
#   Decrease number of Java threads
#   Decrease Java thread stack sizes (-Xss)
#   Set larger code cache with -XX:ReservedCodeCacheSize=
#   JVM is running with Unscaled Compressed Oops mode in which the Java heap is
#     placed in the first 4GB address space. The Java Heap base address is the
#     maximum limit for the native heap growth. Please use -XX:HeapBaseMinAddress
#     to set the Java Heap base and to place the Java Heap above 4GB virtual address.
# This output file may be truncated or incomplete.
#
#  Out of Memory Error (./src/hotspot/share/memory/arena.cpp:197), pid=45668, tid=83620
#
# JRE version: OpenJDK Runtime Environment JBR-11.0.10.9-1341.41-dcevm (11.0.10+9) (build 11.0.10+9-b1341.41)
# Java VM: Dynamic Code Evolution 64-Bit Server VM JBR-11.0.10.9-1341.41-dcevm (11.0.10+9-b1341.41, mixed mode, tiered, compressed oops, g1 gc, windows-amd64)
# Core dump will be written. Default location: C:\Users\sstephen\Downloads\Property_team_5 (1)\Project_team_5\hs_err_pid45668.mdmp
#

---------------  S U M M A R Y ------------

Command Line: -Dsun.locale.formatasdefault=true --add-opens=java.base/java.util=ALL-UNNAMED --add-opens=java.base/java.lang=ALL-UNNAMED --add-opens=java.base/java.lang.invoke=ALL-UNNAMED --add-opens=java.base/java.util=ALL-UNNAMED --add-opens=java.prefs/java.util.prefs=ALL-UNNAMED --add-opens=java.prefs/java.util.prefs=ALL-UNNAMED --add-opens=java.base/java.nio.charset=ALL-UNNAMED --add-opens=java.base/java.net=ALL-UNNAMED --add-opens=java.base/java.util.concurrent.atomic=ALL-UNNAMED -XX:MaxMetaspaceSize=256m -XX:+HeapDumpOnOutOfMemoryError -Xms256m -Xmx512m -Dfile.encoding=windows-1252 -Duser.country=US -Duser.language=en -Duser.variant org.gradle.launcher.daemon.bootstrap.GradleDaemon 7.0.2

Host: Intel(R) Xeon(R) Platinum 8272CL CPU @ 2.60GHz, 8 cores, 31G,  Windows Server 2019 , 64 bit Build 19041 (10.0.19041.4597)
Time: Fri Aug  2 15:15:48 2024 India Standard Time elapsed time: 13336.912129 seconds (0d 3h 42m 16s)

---------------  T H R E A D  ---------------

Current thread (0x000001eced13c800):  JavaThread "C2 CompilerThread1" daemon [_thread_in_native, id=83620, stack(0x000000c62d100000,0x000000c62d200000)]


Current CompileTask:
C2:13336912 24893       4       org.objectweb.asm.ClassReader::readCode (5109 bytes)

Stack: [0x000000c62d100000,0x000000c62d200000]
Native frames: (J=compiled Java code, j=interpreted, Vv=VM code, C=native code)
V  [jvm.dll+0x5f84fa]
V  [jvm.dll+0x77e085]
V  [jvm.dll+0x77f5dd]
V  [jvm.dll+0x77fc93]
V  [jvm.dll+0x2457e8]
V  [jvm.dll+0xbd63c]
V  [jvm.dll+0xbdb3c]
V  [jvm.dll+0x35731b]
V  [jvm.dll+0x324f03]
V  [jvm.dll+0x3243fa]
V  [jvm.dll+0x1fe272]
V  [jvm.dll+0x1fd464]
V  [jvm.dll+0x18611c]
V  [jvm.dll+0x20bc97]
V  [jvm.dll+0x20a4e1]
V  [jvm.dll+0x745f6f]
V  [jvm.dll+0x73ea35]
V  [jvm.dll+0x5f73e6]
C  [ucrtbase.dll+0x21bb2]
C  [KERNEL32.DLL+0x17374]
C  [ntdll.dll+0x4cc91]


---------------  P R O C E S S  ---------------

Threads class SMR info:
_java_thread_list=0x000001ecf0675e90, length=53, elements={
0x000001eccfa53800, 0x000001ece6e64000, 0x000001ece6e6e800, 0x000001ece76f6800,
0x000001ece76fa000, 0x000001ece76fd000, 0x000001ece7701800, 0x000001ece6e7f000,
0x000001ece6e88800, 0x000001ece7877000, 0x000001ece8ff2000, 0x000001ece8efe800,
0x000001ece7927800, 0x000001eceafdb800, 0x000001eceafde000, 0x000001eceafda000,
0x000001eceafdc800, 0x000001eceafdd800, 0x000001eceae02000, 0x000001eceae02800,
0x000001eceae06000, 0x000001eceae01000, 0x000001eceae06800, 0x000001eceae07800,
0x000001eceae09000, 0x000001eceae04800, 0x000001eceae0c800, 0x000001ecedb18000,
0x000001ecedb17000, 0x000001eceae0e000, 0x000001ecedb1c000, 0x000001ecedb1d800,
0x000001ecedb19000, 0x000001ecedb1d000, 0x000001ecedb19800, 0x000001ecedb1a800,
0x000001ecedb1b000, 0x000001eceae05000, 0x000001eceadff800, 0x000001eceae00000,
0x000001eceae0a000, 0x000001eced13c800, 0x000001ecef8da000, 0x000001eceae0d000,
0x000001eceae0b000, 0x000001eceafdf000, 0x000001eceafdb000, 0x000001eceafe0000,
0x000001eceafe0800, 0x000001ecf2f29000, 0x000001ecf2f29800, 0x000001ecf2f2a800,
0x000001ecf2f2c000
}

Java Threads: ( => current thread )
  0x000001eccfa53800 JavaThread "main" [_thread_blocked, id=55836, stack(0x000000c62aa00000,0x000000c62ab00000)]
  0x000001ece6e64000 JavaThread "Reference Handler" daemon [_thread_blocked, id=21264, stack(0x000000c62b100000,0x000000c62b200000)]
  0x000001ece6e6e800 JavaThread "Finalizer" daemon [_thread_blocked, id=75960, stack(0x000000c62b200000,0x000000c62b300000)]
  0x000001ece76f6800 JavaThread "Signal Dispatcher" daemon [_thread_blocked, id=77664, stack(0x000000c62b300000,0x000000c62b400000)]
  0x000001ece76fa000 JavaThread "Attach Listener" daemon [_thread_blocked, id=62704, stack(0x000000c62b400000,0x000000c62b500000)]
  0x000001ece76fd000 JavaThread "Service Thread" daemon [_thread_blocked, id=34876, stack(0x000000c62b500000,0x000000c62b600000)]
  0x000001ece7701800 JavaThread "C2 CompilerThread0" daemon [_thread_blocked, id=30272, stack(0x000000c62b600000,0x000000c62b700000)]
  0x000001ece6e7f000 JavaThread "C1 CompilerThread0" daemon [_thread_blocked, id=57928, stack(0x000000c62b700000,0x000000c62b800000)]
  0x000001ece6e88800 JavaThread "Sweeper thread" daemon [_thread_blocked, id=56448, stack(0x000000c62b800000,0x000000c62b900000)]
  0x000001ece7877000 JavaThread "Common-Cleaner" daemon [_thread_blocked, id=72660, stack(0x000000c62b900000,0x000000c62ba00000)]
  0x000001ece8ff2000 JavaThread "Daemon health stats" [_thread_blocked, id=68260, stack(0x000000c62c200000,0x000000c62c300000)]
  0x000001ece8efe800 JavaThread "Incoming local TCP Connector on port 52947" [_thread_in_native, id=84208, stack(0x000000c62bb00000,0x000000c62bc00000)]
  0x000001ece7927800 JavaThread "Daemon periodic checks" [_thread_blocked, id=64344, stack(0x000000c62c100000,0x000000c62c200000)]
  0x000001eceafdb800 JavaThread "Cache worker for file hash cache (C:\Users\sstephen\Downloads\gradle-7.0.2-bin\gradle-7.0.2\caches\7.0.2\fileHashes)" [_thread_blocked, id=19596, stack(0x000000c62ca00000,0x000000c62cb00000)]
  0x000001eceafde000 JavaThread "File lock request listener" [_thread_in_native, id=67496, stack(0x000000c62cb00000,0x000000c62cc00000)]
  0x000001eceafda000 JavaThread "Cache worker for journal cache (C:\Users\sstephen\Downloads\gradle-7.0.2-bin\gradle-7.0.2\caches\journal-1)" [_thread_blocked, id=80236, stack(0x000000c62cf00000,0x000000c62d000000)]
  0x000001eceafdc800 JavaThread "File watcher server" daemon [_thread_in_native, id=18772, stack(0x000000c62d200000,0x000000c62d300000)]
  0x000001eceafdd800 JavaThread "File watcher consumer" daemon [_thread_blocked, id=74096, stack(0x000000c62d300000,0x000000c62d400000)]
  0x000001eceae02000 JavaThread "Cache worker for execution history cache (C:\Users\sstephen\Downloads\gradle-7.0.2-bin\gradle-7.0.2\caches\7.0.2\executionHistory)" [_thread_blocked, id=83660, stack(0x000000c62d500000,0x000000c62d600000)]
  0x000001eceae02800 JavaThread "jar transforms" [_thread_blocked, id=18384, stack(0x000000c62d700000,0x000000c62d800000)]
  0x000001eceae06000 JavaThread "jar transforms Thread 2" [_thread_blocked, id=55960, stack(0x000000c62d800000,0x000000c62d900000)]
  0x000001eceae01000 JavaThread "Cache worker for file content cache (C:\Users\sstephen\Downloads\gradle-7.0.2-bin\gradle-7.0.2\caches\7.0.2\fileContent)" [_thread_blocked, id=36872, stack(0x000000c62db00000,0x000000c62dc00000)]
  0x000001eceae06800 JavaThread "jar transforms Thread 3" [_thread_blocked, id=47632, stack(0x000000c62dc00000,0x000000c62dd00000)]
  0x000001eceae07800 JavaThread "jar transforms Thread 4" [_thread_blocked, id=17468, stack(0x000000c62dd00000,0x000000c62de00000)]
  0x000001eceae09000 JavaThread "jar transforms Thread 5" [_thread_blocked, id=36788, stack(0x000000c62da00000,0x000000c62db00000)]
  0x000001eceae04800 JavaThread "jar transforms Thread 6" [_thread_blocked, id=8072, stack(0x000000c62de00000,0x000000c62df00000)]
  0x000001eceae0c800 JavaThread "jar transforms Thread 7" [_thread_blocked, id=40696, stack(0x000000c62d900000,0x000000c62da00000)]
  0x000001ecedb18000 JavaThread "jar transforms Thread 8" [_thread_blocked, id=81320, stack(0x000000c62ea00000,0x000000c62eb00000)]
  0x000001ecedb17000 JavaThread "Memory manager" [_thread_blocked, id=44192, stack(0x000000c62eb00000,0x000000c62ec00000)]
  0x000001eceae0e000 JavaThread "Cache worker for Java compile cache (C:\Users\sstephen\Downloads\gradle-7.0.2-bin\gradle-7.0.2\caches\7.0.2\javaCompile)" [_thread_blocked, id=69560, stack(0x000000c62f000000,0x000000c62f100000)]
  0x000001ecedb1c000 JavaThread "Daemon Thread 9" [_thread_blocked, id=84252, stack(0x000000c62a700000,0x000000c62a800000)]
  0x000001ecedb1d800 JavaThread "Handler for socket connection from /127.0.0.1:52947 to /127.0.0.1:53521" [_thread_in_native, id=86624, stack(0x000000c62a800000,0x000000c62a900000)]
  0x000001ecedb19000 JavaThread "Cancel handler" [_thread_blocked, id=62328, stack(0x000000c62a900000,0x000000c62aa00000)]
  0x000001ecedb1d000 JavaThread "Daemon worker Thread 9" [_thread_blocked, id=63316, stack(0x000000c62c300000,0x000000c62c400000)]
  0x000001ecedb19800 JavaThread "Asynchronous log dispatcher for DefaultDaemonConnection: socket connection from /127.0.0.1:52947 to /127.0.0.1:53521" [_thread_blocked, id=77740, stack(0x000000c62c400000,0x000000c62c500000)]
  0x000001ecedb1a800 JavaThread "Stdin handler" [_thread_blocked, id=85380, stack(0x000000c62c500000,0x000000c62c600000)]
  0x000001ecedb1b000 JavaThread "Daemon client event forwarder" [_thread_blocked, id=84580, stack(0x000000c62c600000,0x000000c62c700000)]
  0x000001eceae05000 JavaThread "Cache worker for file hash cache (C:\Users\sstephen\Downloads\Property_team_5 (1)\Project_team_5\.gradle\7.0.2\fileHashes)" [_thread_blocked, id=59412, stack(0x000000c62c700000,0x000000c62c800000)]
  0x000001eceadff800 JavaThread "Cache worker for checksums cache (C:\Users\sstephen\Downloads\Property_team_5 (1)\Project_team_5\.gradle\checksums)" [_thread_blocked, id=31912, stack(0x000000c62c800000,0x000000c62c900000)]
  0x000001eceae00000 JavaThread "Cache worker for cache directory md-supplier (C:\Users\sstephen\Downloads\gradle-7.0.2-bin\gradle-7.0.2\caches\7.0.2\md-supplier)" [_thread_blocked, id=67352, stack(0x000000c62c900000,0x000000c62ca00000)]
  0x000001eceae0a000 JavaThread "Cache worker for cache directory md-rule (C:\Users\sstephen\Downloads\gradle-7.0.2-bin\gradle-7.0.2\caches\7.0.2\md-rule)" [_thread_blocked, id=85276, stack(0x000000c62d000000,0x000000c62d100000)]
=>0x000001eced13c800 JavaThread "C2 CompilerThread1" daemon [_thread_in_native, id=83620, stack(0x000000c62d100000,0x000000c62d200000)]
  0x000001ecef8da000 JavaThread "C2 CompilerThread2" daemon [_thread_blocked, id=1772, stack(0x000000c62d400000,0x000000c62d500000)]
  0x000001eceae0d000 JavaThread "Cache worker for dependencies-accessors (C:\Users\sstephen\Downloads\Property_team_5 (1)\Project_team_5\.gradle\7.0.2\dependencies-accessors)" [_thread_blocked, id=896, stack(0x000000c62d600000,0x000000c62d700000)]
  0x000001eceae0b000 JavaThread "Cache worker for Build Output Cleanup Cache (C:\Users\sstephen\Downloads\Property_team_5 (1)\Project_team_5\.gradle\buildOutputCleanup)" [_thread_blocked, id=73108, stack(0x000000c62df00000,0x000000c62e000000)]
  0x000001eceafdf000 JavaThread "Build operations" [_thread_blocked, id=87032, stack(0x000000c62e000000,0x000000c62e100000)]
  0x000001eceafdb000 JavaThread "Build operations Thread 2" [_thread_blocked, id=6900, stack(0x000000c62e100000,0x000000c62e200000)]
  0x000001eceafe0000 JavaThread "Build operations Thread 3" [_thread_blocked, id=85768, stack(0x000000c62e200000,0x000000c62e300000)]
  0x000001eceafe0800 JavaThread "Build operations Thread 4" [_thread_blocked, id=72524, stack(0x000000c62e300000,0x000000c62e400000)]
  0x000001ecf2f29000 JavaThread "Build operations Thread 5" [_thread_blocked, id=79332, stack(0x000000c62e400000,0x000000c62e500000)]
  0x000001ecf2f29800 JavaThread "Build operations Thread 6" [_thread_blocked, id=86276, stack(0x000000c62e500000,0x000000c62e600000)]
  0x000001ecf2f2a800 JavaThread "Build operations Thread 7" [_thread_blocked, id=86156, stack(0x000000c62e600000,0x000000c62e700000)]
  0x000001ecf2f2c000 JavaThread "Build operations Thread 8" [_thread_blocked, id=8796, stack(0x000000c62e700000,0x000000c62e800000)]

Other Threads:
  0x000001ece6e62000 VMThread "VM Thread" [stack: 0x000000c62b000000,0x000000c62b100000] [id=78776] _threads_hazard_ptr=0x000001ecf0675e90
  0x000001ece78a0800 WatcherThread [stack: 0x000000c62ba00000,0x000000c62bb00000] [id=79104]
  0x000001eccfa6b800 GCTaskThread "GC Thread#0" [stack: 0x000000c62ab00000,0x000000c62ac00000] [id=14952]
  0x000001ece85e0800 GCTaskThread "GC Thread#1" [stack: 0x000000c62bc00000,0x000000c62bd00000] [id=71560]
  0x000001ece8941000 GCTaskThread "GC Thread#2" [stack: 0x000000c62bd00000,0x000000c62be00000] [id=74896]
  0x000001ece8657800 GCTaskThread "GC Thread#3" [stack: 0x000000c62be00000,0x000000c62bf00000] [id=84052]
  0x000001ece8671000 GCTaskThread "GC Thread#4" [stack: 0x000000c62bf00000,0x000000c62c000000] [id=66784]
  0x000001ece8674000 GCTaskThread "GC Thread#5" [stack: 0x000000c62c000000,0x000000c62c100000] [id=77720]
  0x000001ece8676000 GCTaskThread "GC Thread#6" [stack: 0x000000c62cc00000,0x000000c62cd00000] [id=36664]
  0x000001ece8672000 GCTaskThread "GC Thread#7" [stack: 0x000000c62cd00000,0x000000c62ce00000] [id=77880]
  0x000001eccfa7c800 ConcurrentGCThread "G1 Main Marker" [stack: 0x000000c62ac00000,0x000000c62ad00000] [id=17256]
  0x000001eccfa7e000 ConcurrentGCThread "G1 Conc#0" [stack: 0x000000c62ad00000,0x000000c62ae00000] [id=71520]
  0x000001ece866f800 ConcurrentGCThread "G1 Conc#1" [stack: 0x000000c62ce00000,0x000000c62cf00000] [id=22204]
  0x000001ece6cf0800 ConcurrentGCThread "G1 Refine#0" [stack: 0x000000c62ae00000,0x000000c62af00000] [id=71952]
  0x000001ecf0691800 ConcurrentGCThread "G1 Refine#1" [stack: 0x000000c62f400000,0x000000c62f500000] [id=51972]
  0x000001ecef976000 ConcurrentGCThread "G1 Refine#2" [stack: 0x000000c62f500000,0x000000c62f600000] [id=78804]
  0x000001ece8675000 ConcurrentGCThread "G1 Refine#3" [stack: 0x000000c62f600000,0x000000c62f700000] [id=73684]
  0x000001ece6cf1000 ConcurrentGCThread "G1 Young RemSet Sampling" [stack: 0x000000c62af00000,0x000000c62b000000] [id=73168]

Threads with active compile tasks:
C1 CompilerThread013336989 24916       3       groovyjarjarasm.asm.MethodWriter::visitJumpInsn (495 bytes)
C2 CompilerThread113336989 24893       4       org.objectweb.asm.ClassReader::readCode (5109 bytes)

VM state:not at safepoint (normal execution)

VM Mutex/Monitor currently owned by a thread:  ([mutex/lock_event])
[0x000001eccfa46990] CodeCache_lock - owner thread: 0x0000000000000000

Heap address: 0x00000000e0000000, size: 512 MB, Compressed Oops mode: 32-bit
Narrow klass base: 0x0000000000000000, Narrow klass shift: 3
Compressed class space size: 260046848 Address: 0x0000000100000000

Heap:
 garbage-first heap   total 273408K, used 214202K [0x00000000e0000000, 0x0000000100000000)
  region size 1024K, 63 young (64512K), 1 survivors (1024K)
 Metaspace       used 95010K, capacity 98483K, committed 99032K, reserved 339968K
  class space    used 11746K, capacity 12909K, committed 13056K, reserved 253952K
Heap Regions: E=young(eden), S=young(survivor), O=old, HS=humongous(starts), HC=humongous(continues), CS=collection set, F=free, A=archive, TAMS=top-at-mark-start (previous, next)
|   0|0x00000000e0000000, 0x00000000e0100000, 0x00000000e0100000|100%| O|  |TAMS 0x00000000e0100000, 0x00000000e0000000| Untracked 
|   1|0x00000000e0100000, 0x00000000e0200000, 0x00000000e0200000|100%| O|  |TAMS 0x00000000e0200000, 0x00000000e0100000| Untracked 
|   2|0x00000000e0200000, 0x00000000e0300000, 0x00000000e0300000|100%| O|  |TAMS 0x00000000e0300000, 0x00000000e0200000| Untracked 
|   3|0x00000000e0300000, 0x00000000e0400000, 0x00000000e0400000|100%|HS|  |TAMS 0x00000000e0400000, 0x00000000e0300000| Complete 
|   4|0x00000000e0400000, 0x00000000e0500000, 0x00000000e0500000|100%|HC|  |TAMS 0x00000000e0500000, 0x00000000e0400000| Complete 
|   5|0x00000000e0500000, 0x00000000e0600000, 0x00000000e0600000|100%|HC|  |TAMS 0x00000000e0600000, 0x00000000e0500000| Complete 
|   6|0x00000000e0600000, 0x00000000e0700000, 0x00000000e0700000|100%| O|  |TAMS 0x00000000e0700000, 0x00000000e0600000| Untracked 
|   7|0x00000000e0700000, 0x00000000e0800000, 0x00000000e0800000|100%| O|  |TAMS 0x00000000e0800000, 0x00000000e0700000| Untracked 
|   8|0x00000000e0800000, 0x00000000e0900000, 0x00000000e0900000|100%| O|  |TAMS 0x00000000e0900000, 0x00000000e0800000| Untracked 
|   9|0x00000000e0900000, 0x00000000e0a00000, 0x00000000e0a00000|100%| O|  |TAMS 0x00000000e0a00000, 0x00000000e0900000| Untracked 
|  10|0x00000000e0a00000, 0x00000000e0b00000, 0x00000000e0b00000|100%| O|  |TAMS 0x00000000e0b00000, 0x00000000e0a00000| Untracked 
|  11|0x00000000e0b00000, 0x00000000e0c00000, 0x00000000e0c00000|100%| O|  |TAMS 0x00000000e0c00000, 0x00000000e0b00000| Untracked 
|  12|0x00000000e0c00000, 0x00000000e0d00000, 0x00000000e0d00000|100%| O|  |TAMS 0x00000000e0d00000, 0x00000000e0c00000| Untracked 
|  13|0x00000000e0d00000, 0x00000000e0e00000, 0x00000000e0e00000|100%| O|  |TAMS 0x00000000e0e00000, 0x00000000e0d00000| Untracked 
|  14|0x00000000e0e00000, 0x00000000e0f00000, 0x00000000e0f00000|100%| O|  |TAMS 0x00000000e0f00000, 0x00000000e0e00000| Untracked 
|  15|0x00000000e0f00000, 0x00000000e1000000, 0x00000000e1000000|100%| O|  |TAMS 0x00000000e1000000, 0x00000000e0f00000| Untracked 
|  16|0x00000000e1000000, 0x00000000e1100000, 0x00000000e1100000|100%| O|  |TAMS 0x00000000e1100000, 0x00000000e1000000| Untracked 
|  17|0x00000000e1100000, 0x00000000e11ffff8, 0x00000000e1200000| 99%| O|  |TAMS 0x00000000e11ffff8, 0x00000000e1100000| Untracked 
|  18|0x00000000e1200000, 0x00000000e1300000, 0x00000000e1300000|100%| O|  |TAMS 0x00000000e1300000, 0x00000000e1200000| Untracked 
|  19|0x00000000e1300000, 0x00000000e1400000, 0x00000000e1400000|100%| O|  |TAMS 0x00000000e1400000, 0x00000000e1300000| Untracked 
|  20|0x00000000e1400000, 0x00000000e1500000, 0x00000000e1500000|100%| O|  |TAMS 0x00000000e1500000, 0x00000000e1400000| Untracked 
|  21|0x00000000e1500000, 0x00000000e1600000, 0x00000000e1600000|100%| O|  |TAMS 0x00000000e1600000, 0x00000000e1500000| Untracked 
|  22|0x00000000e1600000, 0x00000000e1700000, 0x00000000e1700000|100%| O|  |TAMS 0x00000000e1700000, 0x00000000e1600000| Untracked 
|  23|0x00000000e1700000, 0x00000000e1800000, 0x00000000e1800000|100%| O|  |TAMS 0x00000000e1800000, 0x00000000e1700000| Untracked 
|  24|0x00000000e1800000, 0x00000000e1900000, 0x00000000e1900000|100%| O|  |TAMS 0x00000000e1900000, 0x00000000e1800000| Untracked 
|  25|0x00000000e1900000, 0x00000000e1a00000, 0x00000000e1a00000|100%| O|  |TAMS 0x00000000e1a00000, 0x00000000e1900000| Untracked 
|  26|0x00000000e1a00000, 0x00000000e1b00000, 0x00000000e1b00000|100%| O|  |TAMS 0x00000000e1b00000, 0x00000000e1a00000| Untracked 
|  27|0x00000000e1b00000, 0x00000000e1c00000, 0x00000000e1c00000|100%| O|  |TAMS 0x00000000e1c00000, 0x00000000e1b00000| Untracked 
|  28|0x00000000e1c00000, 0x00000000e1d00000, 0x00000000e1d00000|100%| O|  |TAMS 0x00000000e1d00000, 0x00000000e1c00000| Untracked 
|  29|0x00000000e1d00000, 0x00000000e1e00000, 0x00000000e1e00000|100%| O|  |TAMS 0x00000000e1e00000, 0x00000000e1d00000| Untracked 
|  30|0x00000000e1e00000, 0x00000000e1f00000, 0x00000000e1f00000|100%| O|  |TAMS 0x00000000e1f00000, 0x00000000e1e00000| Untracked 
|  31|0x00000000e1f00000, 0x00000000e2000000, 0x00000000e2000000|100%| O|  |TAMS 0x00000000e2000000, 0x00000000e1f00000| Untracked 
|  32|0x00000000e2000000, 0x00000000e2100000, 0x00000000e2100000|100%| O|  |TAMS 0x00000000e2100000, 0x00000000e2000000| Untracked 
|  33|0x00000000e2100000, 0x00000000e2200000, 0x00000000e2200000|100%| O|  |TAMS 0x00000000e2200000, 0x00000000e2100000| Untracked 
|  34|0x00000000e2200000, 0x00000000e2300000, 0x00000000e2300000|100%| O|  |TAMS 0x00000000e2300000, 0x00000000e2200000| Untracked 
|  35|0x00000000e2300000, 0x00000000e2400000, 0x00000000e2400000|100%| O|  |TAMS 0x00000000e2400000, 0x00000000e2300000| Untracked 
|  36|0x00000000e2400000, 0x00000000e2500000, 0x00000000e2500000|100%| O|  |TAMS 0x00000000e2500000, 0x00000000e2400000| Untracked 
|  37|0x00000000e2500000, 0x00000000e2600000, 0x00000000e2600000|100%| O|  |TAMS 0x00000000e2600000, 0x00000000e2500000| Untracked 
|  38|0x00000000e2600000, 0x00000000e2700000, 0x00000000e2700000|100%| O|  |TAMS 0x00000000e2700000, 0x00000000e2600000| Untracked 
|  39|0x00000000e2700000, 0x00000000e2800000, 0x00000000e2800000|100%| O|  |TAMS 0x00000000e2800000, 0x00000000e2700000| Untracked 
|  40|0x00000000e2800000, 0x00000000e2900000, 0x00000000e2900000|100%| O|  |TAMS 0x00000000e2900000, 0x00000000e2800000| Untracked 
|  41|0x00000000e2900000, 0x00000000e2a00000, 0x00000000e2a00000|100%| O|  |TAMS 0x00000000e2a00000, 0x00000000e2900000| Untracked 
|  42|0x00000000e2a00000, 0x00000000e2b00000, 0x00000000e2b00000|100%| O|  |TAMS 0x00000000e2b00000, 0x00000000e2a00000| Untracked 
|  43|0x00000000e2b00000, 0x00000000e2c00000, 0x00000000e2c00000|100%| O|  |TAMS 0x00000000e2c00000, 0x00000000e2b00000| Untracked 
|  44|0x00000000e2c00000, 0x00000000e2d00000, 0x00000000e2d00000|100%| O|  |TAMS 0x00000000e2d00000, 0x00000000e2c00000| Untracked 
|  45|0x00000000e2d00000, 0x00000000e2e00000, 0x00000000e2e00000|100%| O|  |TAMS 0x00000000e2e00000, 0x00000000e2d00000| Untracked 
|  46|0x00000000e2e00000, 0x00000000e2e00000, 0x00000000e2f00000|  0%| F|  |TAMS 0x00000000e2e00000, 0x00000000e2e00000| Untracked 
|  47|0x00000000e2f00000, 0x00000000e3000000, 0x00000000e3000000|100%| O|  |TAMS 0x00000000e3000000, 0x00000000e2f00000| Untracked 
|  48|0x00000000e3000000, 0x00000000e3100000, 0x00000000e3100000|100%| O|  |TAMS 0x00000000e3100000, 0x00000000e3000000| Untracked 
|  49|0x00000000e3100000, 0x00000000e3200000, 0x00000000e3200000|100%| O|  |TAMS 0x00000000e3200000, 0x00000000e3100000| Untracked 
|  50|0x00000000e3200000, 0x00000000e3300000, 0x00000000e3300000|100%| O|  |TAMS 0x00000000e3300000, 0x00000000e3200000| Untracked 
|  51|0x00000000e3300000, 0x00000000e3400000, 0x00000000e3400000|100%| O|  |TAMS 0x00000000e3400000, 0x00000000e3300000| Untracked 
|  52|0x00000000e3400000, 0x00000000e3500000, 0x00000000e3500000|100%| O|  |TAMS 0x00000000e3500000, 0x00000000e3400000| Untracked 
|  53|0x00000000e3500000, 0x00000000e3600000, 0x00000000e3600000|100%| O|  |TAMS 0x00000000e3600000, 0x00000000e3500000| Untracked 
|  54|0x00000000e3600000, 0x00000000e3700000, 0x00000000e3700000|100%| O|  |TAMS 0x00000000e3700000, 0x00000000e3600000| Untracked 
|  55|0x00000000e3700000, 0x00000000e3800000, 0x00000000e3800000|100%| O|  |TAMS 0x00000000e3800000, 0x00000000e3700000| Untracked 
|  56|0x00000000e3800000, 0x00000000e3900000, 0x00000000e3900000|100%| O|  |TAMS 0x00000000e3900000, 0x00000000e3800000| Untracked 
|  57|0x00000000e3900000, 0x00000000e3a00000, 0x00000000e3a00000|100%| O|  |TAMS 0x00000000e3a00000, 0x00000000e3900000| Untracked 
|  58|0x00000000e3a00000, 0x00000000e3b00000, 0x00000000e3b00000|100%| O|  |TAMS 0x00000000e3b00000, 0x00000000e3a00000| Untracked 
|  59|0x00000000e3b00000, 0x00000000e3c00000, 0x00000000e3c00000|100%| O|  |TAMS 0x00000000e3c00000, 0x00000000e3b00000| Untracked 
|  60|0x00000000e3c00000, 0x00000000e3d00000, 0x00000000e3d00000|100%| O|  |TAMS 0x00000000e3d00000, 0x00000000e3c00000| Untracked 
|  61|0x00000000e3d00000, 0x00000000e3e00000, 0x00000000e3e00000|100%| O|  |TAMS 0x00000000e3e00000, 0x00000000e3d00000| Untracked 
|  62|0x00000000e3e00000, 0x00000000e3f00000, 0x00000000e3f00000|100%| O|  |TAMS 0x00000000e3f00000, 0x00000000e3e00000| Untracked 
|  63|0x00000000e3f00000, 0x00000000e4000000, 0x00000000e4000000|100%| O|  |TAMS 0x00000000e4000000, 0x00000000e3f00000| Untracked 
|  64|0x00000000e4000000, 0x00000000e4100000, 0x00000000e4100000|100%| O|  |TAMS 0x00000000e4100000, 0x00000000e4000000| Untracked 
|  65|0x00000000e4100000, 0x00000000e4200000, 0x00000000e4200000|100%| O|  |TAMS 0x00000000e4200000, 0x00000000e4100000| Untracked 
|  66|0x00000000e4200000, 0x00000000e4300000, 0x00000000e4300000|100%| O|  |TAMS 0x00000000e4300000, 0x00000000e4200000| Untracked 
|  67|0x00000000e4300000, 0x00000000e4400000, 0x00000000e4400000|100%| O|  |TAMS 0x00000000e4400000, 0x00000000e4300000| Untracked 
|  68|0x00000000e4400000, 0x00000000e4500000, 0x00000000e4500000|100%| O|  |TAMS 0x00000000e4500000, 0x00000000e4400000| Untracked 
|  69|0x00000000e4500000, 0x00000000e4600000, 0x00000000e4600000|100%| O|  |TAMS 0x00000000e4600000, 0x00000000e4500000| Untracked 
|  70|0x00000000e4600000, 0x00000000e4700000, 0x00000000e4700000|100%|HS|  |TAMS 0x00000000e4700000, 0x00000000e4600000| Complete 
|  71|0x00000000e4700000, 0x00000000e4800000, 0x00000000e4800000|100%|HC|  |TAMS 0x00000000e4800000, 0x00000000e4700000| Complete 
|  72|0x00000000e4800000, 0x00000000e4900000, 0x00000000e4900000|100%|HC|  |TAMS 0x00000000e4900000, 0x00000000e4800000| Complete 
|  73|0x00000000e4900000, 0x00000000e4a00000, 0x00000000e4a00000|100%|HC|  |TAMS 0x00000000e4a00000, 0x00000000e4900000| Complete 
|  74|0x00000000e4a00000, 0x00000000e4b00000, 0x00000000e4b00000|100%| O|  |TAMS 0x00000000e4b00000, 0x00000000e4a00000| Untracked 
|  75|0x00000000e4b00000, 0x00000000e4c00000, 0x00000000e4c00000|100%| O|  |TAMS 0x00000000e4c00000, 0x00000000e4b00000| Untracked 
|  76|0x00000000e4c00000, 0x00000000e4d00000, 0x00000000e4d00000|100%| O|  |TAMS 0x00000000e4d00000, 0x00000000e4c00000| Untracked 
|  77|0x00000000e4d00000, 0x00000000e4e00000, 0x00000000e4e00000|100%| O|  |TAMS 0x00000000e4e00000, 0x00000000e4d00000| Untracked 
|  78|0x00000000e4e00000, 0x00000000e4f00000, 0x00000000e4f00000|100%| O|  |TAMS 0x00000000e4f00000, 0x00000000e4e00000| Untracked 
|  79|0x00000000e4f00000, 0x00000000e5000000, 0x00000000e5000000|100%| O|  |TAMS 0x00000000e5000000, 0x00000000e4f00000| Untracked 
|  80|0x00000000e5000000, 0x00000000e5100000, 0x00000000e5100000|100%| O|  |TAMS 0x00000000e5100000, 0x00000000e5000000| Untracked 
|  81|0x00000000e5100000, 0x00000000e5200000, 0x00000000e5200000|100%| O|  |TAMS 0x00000000e5200000, 0x00000000e5100000| Untracked 
|  82|0x00000000e5200000, 0x00000000e5300000, 0x00000000e5300000|100%| O|  |TAMS 0x00000000e5300000, 0x00000000e5200000| Untracked 
|  83|0x00000000e5300000, 0x00000000e5400000, 0x00000000e5400000|100%| O|  |TAMS 0x00000000e5400000, 0x00000000e5300000| Untracked 
|  84|0x00000000e5400000, 0x00000000e5500000, 0x00000000e5500000|100%|HS|  |TAMS 0x00000000e5500000, 0x00000000e5400000| Complete 
|  85|0x00000000e5500000, 0x00000000e5600000, 0x00000000e5600000|100%|HC|  |TAMS 0x00000000e5600000, 0x00000000e5500000| Complete 
|  86|0x00000000e5600000, 0x00000000e5700000, 0x00000000e5700000|100%|HC|  |TAMS 0x00000000e5700000, 0x00000000e5600000| Complete 
|  87|0x00000000e5700000, 0x00000000e5800000, 0x00000000e5800000|100%|HC|  |TAMS 0x00000000e5800000, 0x00000000e5700000| Complete 
|  88|0x00000000e5800000, 0x00000000e5900000, 0x00000000e5900000|100%|HC|  |TAMS 0x00000000e5900000, 0x00000000e5800000| Complete 
|  89|0x00000000e5900000, 0x00000000e5a00000, 0x00000000e5a00000|100%| O|  |TAMS 0x00000000e5a00000, 0x00000000e5900000| Untracked 
|  90|0x00000000e5a00000, 0x00000000e5b00000, 0x00000000e5b00000|100%| O|  |TAMS 0x00000000e5b00000, 0x00000000e5a00000| Untracked 
|  91|0x00000000e5b00000, 0x00000000e5c00000, 0x00000000e5c00000|100%| O|  |TAMS 0x00000000e5c00000, 0x00000000e5b00000| Untracked 
|  92|0x00000000e5c00000, 0x00000000e5d00000, 0x00000000e5d00000|100%| O|  |TAMS 0x00000000e5d00000, 0x00000000e5c00000| Untracked 
|  93|0x00000000e5d00000, 0x00000000e5e00000, 0x00000000e5e00000|100%| O|  |TAMS 0x00000000e5e00000, 0x00000000e5d00000| Untracked 
|  94|0x00000000e5e00000, 0x00000000e5f00000, 0x00000000e5f00000|100%| O|  |TAMS 0x00000000e5f00000, 0x00000000e5e00000| Untracked 
|  95|0x00000000e5f00000, 0x00000000e6000000, 0x00000000e6000000|100%| O|  |TAMS 0x00000000e6000000, 0x00000000e5f00000| Untracked 
|  96|0x00000000e6000000, 0x00000000e6100000, 0x00000000e6100000|100%| O|  |TAMS 0x00000000e6100000, 0x00000000e6000000| Untracked 
|  97|0x00000000e6100000, 0x00000000e6200000, 0x00000000e6200000|100%| O|  |TAMS 0x00000000e6200000, 0x00000000e6100000| Untracked 
|  98|0x00000000e6200000, 0x00000000e6300000, 0x00000000e6300000|100%| O|  |TAMS 0x00000000e6300000, 0x00000000e6200000| Untracked 
|  99|0x00000000e6300000, 0x00000000e6400000, 0x00000000e6400000|100%| O|  |TAMS 0x00000000e6400000, 0x00000000e6300000| Untracked 
| 100|0x00000000e6400000, 0x00000000e6500000, 0x00000000e6500000|100%| O|  |TAMS 0x00000000e6500000, 0x00000000e6400000| Untracked 
| 101|0x00000000e6500000, 0x00000000e6600000, 0x00000000e6600000|100%| O|  |TAMS 0x00000000e6600000, 0x00000000e6500000| Untracked 
| 102|0x00000000e6600000, 0x00000000e6700000, 0x00000000e6700000|100%| O|  |TAMS 0x00000000e6700000, 0x00000000e6600000| Untracked 
| 103|0x00000000e6700000, 0x00000000e6800000, 0x00000000e6800000|100%|HS|  |TAMS 0x00000000e6800000, 0x00000000e6700000| Complete 
| 104|0x00000000e6800000, 0x00000000e6900000, 0x00000000e6900000|100%|HC|  |TAMS 0x00000000e6900000, 0x00000000e6800000| Complete 
| 105|0x00000000e6900000, 0x00000000e6a00000, 0x00000000e6a00000|100%|HC|  |TAMS 0x00000000e6a00000, 0x00000000e6900000| Complete 
| 106|0x00000000e6a00000, 0x00000000e6b00000, 0x00000000e6b00000|100%|HC|  |TAMS 0x00000000e6b00000, 0x00000000e6a00000| Complete 
| 107|0x00000000e6b00000, 0x00000000e6c00000, 0x00000000e6c00000|100%|HS|  |TAMS 0x00000000e6c00000, 0x00000000e6b00000| Complete 
| 108|0x00000000e6c00000, 0x00000000e6d00000, 0x00000000e6d00000|100%|HC|  |TAMS 0x00000000e6d00000, 0x00000000e6c00000| Complete 
| 109|0x00000000e6d00000, 0x00000000e6e00000, 0x00000000e6e00000|100%|HC|  |TAMS 0x00000000e6e00000, 0x00000000e6d00000| Complete 
| 110|0x00000000e6e00000, 0x00000000e6f00000, 0x00000000e6f00000|100%|HC|  |TAMS 0x00000000e6f00000, 0x00000000e6e00000| Complete 
| 111|0x00000000e6f00000, 0x00000000e7000000, 0x00000000e7000000|100%|HC|  |TAMS 0x00000000e7000000, 0x00000000e6f00000| Complete 
| 112|0x00000000e7000000, 0x00000000e7100000, 0x00000000e7100000|100%|HS|  |TAMS 0x00000000e7100000, 0x00000000e7000000| Complete 
| 113|0x00000000e7100000, 0x00000000e7200000, 0x00000000e7200000|100%|HC|  |TAMS 0x00000000e7200000, 0x00000000e7100000| Complete 
| 114|0x00000000e7200000, 0x00000000e7300000, 0x00000000e7300000|100%|HC|  |TAMS 0x00000000e7300000, 0x00000000e7200000| Complete 
| 115|0x00000000e7300000, 0x00000000e7400000, 0x00000000e7400000|100%|HC|  |TAMS 0x00000000e7400000, 0x00000000e7300000| Complete 
| 116|0x00000000e7400000, 0x00000000e7500000, 0x00000000e7500000|100%|HC|  |TAMS 0x00000000e7500000, 0x00000000e7400000| Complete 
| 117|0x00000000e7500000, 0x00000000e7600000, 0x00000000e7600000|100%|HS|  |TAMS 0x00000000e7600000, 0x00000000e7500000| Complete 
| 118|0x00000000e7600000, 0x00000000e7700000, 0x00000000e7700000|100%|HC|  |TAMS 0x00000000e7700000, 0x00000000e7600000| Complete 
| 119|0x00000000e7700000, 0x00000000e7800000, 0x00000000e7800000|100%|HC|  |TAMS 0x00000000e7800000, 0x00000000e7700000| Complete 
| 120|0x00000000e7800000, 0x00000000e7900000, 0x00000000e7900000|100%|HC|  |TAMS 0x00000000e7900000, 0x00000000e7800000| Complete 
| 121|0x00000000e7900000, 0x00000000e7a00000, 0x00000000e7a00000|100%| O|  |TAMS 0x00000000e7a00000, 0x00000000e7900000| Untracked 
| 122|0x00000000e7a00000, 0x00000000e7b00000, 0x00000000e7b00000|100%| O|  |TAMS 0x00000000e7b00000, 0x00000000e7a00000| Untracked 
| 123|0x00000000e7b00000, 0x00000000e7c00000, 0x00000000e7c00000|100%| O|  |TAMS 0x00000000e7c00000, 0x00000000e7b00000| Untracked 
| 124|0x00000000e7c00000, 0x00000000e7d00000, 0x00000000e7d00000|100%| O|  |TAMS 0x00000000e7d00000, 0x00000000e7c00000| Untracked 
| 125|0x00000000e7d00000, 0x00000000e7e00000, 0x00000000e7e00000|100%| O|  |TAMS 0x00000000e7e00000, 0x00000000e7d00000| Untracked 
| 126|0x00000000e7e00000, 0x00000000e7f00000, 0x00000000e7f00000|100%| O|  |TAMS 0x00000000e7f00000, 0x00000000e7e00000| Untracked 
| 127|0x00000000e7f00000, 0x00000000e8000000, 0x00000000e8000000|100%| O|  |TAMS 0x00000000e8000000, 0x00000000e7f00000| Untracked 
| 128|0x00000000e8000000, 0x00000000e8100000, 0x00000000e8100000|100%| O|  |TAMS 0x00000000e8100000, 0x00000000e8000000| Untracked 
| 129|0x00000000e8100000, 0x00000000e8200000, 0x00000000e8200000|100%| O|  |TAMS 0x00000000e8200000, 0x00000000e8100000| Untracked 
| 130|0x00000000e8200000, 0x00000000e8300000, 0x00000000e8300000|100%| O|  |TAMS 0x00000000e8300000, 0x00000000e8200000| Untracked 
| 131|0x00000000e8300000, 0x00000000e8400000, 0x00000000e8400000|100%| O|  |TAMS 0x00000000e8400000, 0x00000000e8300000| Untracked 
| 132|0x00000000e8400000, 0x00000000e8500000, 0x00000000e8500000|100%| O|  |TAMS 0x00000000e8483400, 0x00000000e8400000| Untracked 
| 133|0x00000000e8500000, 0x00000000e8600000, 0x00000000e8600000|100%| O|  |TAMS 0x00000000e8500000, 0x00000000e8500000| Untracked 
| 134|0x00000000e8600000, 0x00000000e8700000, 0x00000000e8700000|100%| O|  |TAMS 0x00000000e8600000, 0x00000000e8600000| Untracked 
| 135|0x00000000e8700000, 0x00000000e8800000, 0x00000000e8800000|100%| O|  |TAMS 0x00000000e8700000, 0x00000000e8700000| Untracked 
| 136|0x00000000e8800000, 0x00000000e8900000, 0x00000000e8900000|100%| O|  |TAMS 0x00000000e8800000, 0x00000000e8800000| Untracked 
| 137|0x00000000e8900000, 0x00000000e8a00000, 0x00000000e8a00000|100%| O|  |TAMS 0x00000000e8900000, 0x00000000e8900000| Untracked 
| 138|0x00000000e8a00000, 0x00000000e8b00000, 0x00000000e8b00000|100%| O|  |TAMS 0x00000000e8a00000, 0x00000000e8a00000| Untracked 
| 139|0x00000000e8b00000, 0x00000000e8c00000, 0x00000000e8c00000|100%| O|  |TAMS 0x00000000e8b00000, 0x00000000e8b00000| Untracked 
| 140|0x00000000e8c00000, 0x00000000e8d00000, 0x00000000e8d00000|100%| O|  |TAMS 0x00000000e8c00000, 0x00000000e8c00000| Untracked 
| 141|0x00000000e8d00000, 0x00000000e8e00000, 0x00000000e8e00000|100%| O|  |TAMS 0x00000000e8d00000, 0x00000000e8d00000| Untracked 
| 142|0x00000000e8e00000, 0x00000000e8f00000, 0x00000000e8f00000|100%| O|  |TAMS 0x00000000e8e00000, 0x00000000e8e00000| Untracked 
| 143|0x00000000e8f00000, 0x00000000e9000000, 0x00000000e9000000|100%| O|  |TAMS 0x00000000e8f00000, 0x00000000e8f00000| Untracked 
| 144|0x00000000e9000000, 0x00000000e9100000, 0x00000000e9100000|100%| O|  |TAMS 0x00000000e9000000, 0x00000000e9000000| Untracked 
| 145|0x00000000e9100000, 0x00000000e9200000, 0x00000000e9200000|100%| O|  |TAMS 0x00000000e9100000, 0x00000000e9100000| Untracked 
| 146|0x00000000e9200000, 0x00000000e9300000, 0x00000000e9300000|100%| O|  |TAMS 0x00000000e9200000, 0x00000000e9200000| Untracked 
| 147|0x00000000e9300000, 0x00000000e9400000, 0x00000000e9400000|100%| O|  |TAMS 0x00000000e9300000, 0x00000000e9300000| Untracked 
| 148|0x00000000e9400000, 0x00000000e9500000, 0x00000000e9500000|100%| O|  |TAMS 0x00000000e9400000, 0x00000000e9400000| Untracked 
| 149|0x00000000e9500000, 0x00000000e9583c00, 0x00000000e9600000| 51%| O|  |TAMS 0x00000000e9500000, 0x00000000e9500000| Untracked 
| 150|0x00000000e9600000, 0x00000000e9600000, 0x00000000e9700000|  0%| F|  |TAMS 0x00000000e9600000, 0x00000000e9600000| Untracked 
| 151|0x00000000e9700000, 0x00000000e9700000, 0x00000000e9800000|  0%| F|  |TAMS 0x00000000e9700000, 0x00000000e9700000| Untracked 
| 152|0x00000000e9800000, 0x00000000e9800000, 0x00000000e9900000|  0%| F|  |TAMS 0x00000000e9800000, 0x00000000e9800000| Untracked 
| 153|0x00000000e9900000, 0x00000000e9900000, 0x00000000e9a00000|  0%| F|  |TAMS 0x00000000e9900000, 0x00000000e9900000| Untracked 
| 154|0x00000000e9a00000, 0x00000000e9a00000, 0x00000000e9b00000|  0%| F|  |TAMS 0x00000000e9a00000, 0x00000000e9a00000| Untracked 
| 155|0x00000000e9b00000, 0x00000000e9b00000, 0x00000000e9c00000|  0%| F|  |TAMS 0x00000000e9b00000, 0x00000000e9b00000| Untracked 
| 156|0x00000000e9c00000, 0x00000000e9c00000, 0x00000000e9d00000|  0%| F|  |TAMS 0x00000000e9c00000, 0x00000000e9c00000| Untracked 
| 157|0x00000000e9d00000, 0x00000000e9d00000, 0x00000000e9e00000|  0%| F|  |TAMS 0x00000000e9d00000, 0x00000000e9d00000| Untracked 
| 158|0x00000000e9e00000, 0x00000000e9e00000, 0x00000000e9f00000|  0%| F|  |TAMS 0x00000000e9e00000, 0x00000000e9e00000| Untracked 
| 159|0x00000000e9f00000, 0x00000000e9f00000, 0x00000000ea000000|  0%| F|  |TAMS 0x00000000e9f00000, 0x00000000e9f00000| Untracked 
| 160|0x00000000ea000000, 0x00000000ea000000, 0x00000000ea100000|  0%| F|  |TAMS 0x00000000ea000000, 0x00000000ea000000| Untracked 
| 161|0x00000000ea100000, 0x00000000ea100000, 0x00000000ea200000|  0%| F|  |TAMS 0x00000000ea100000, 0x00000000ea100000| Untracked 
| 162|0x00000000ea200000, 0x00000000ea200000, 0x00000000ea300000|  0%| F|  |TAMS 0x00000000ea200000, 0x00000000ea200000| Untracked 
| 163|0x00000000ea300000, 0x00000000ea300000, 0x00000000ea400000|  0%| F|  |TAMS 0x00000000ea300000, 0x00000000ea300000| Untracked 
| 164|0x00000000ea400000, 0x00000000ea400000, 0x00000000ea500000|  0%| F|  |TAMS 0x00000000ea400000, 0x00000000ea400000| Untracked 
| 165|0x00000000ea500000, 0x00000000ea500000, 0x00000000ea600000|  0%| F|  |TAMS 0x00000000ea500000, 0x00000000ea500000| Untracked 
| 166|0x00000000ea600000, 0x00000000ea600000, 0x00000000ea700000|  0%| F|  |TAMS 0x00000000ea600000, 0x00000000ea600000| Untracked 
| 167|0x00000000ea700000, 0x00000000ea700000, 0x00000000ea800000|  0%| F|  |TAMS 0x00000000ea700000, 0x00000000ea700000| Untracked 
| 168|0x00000000ea800000, 0x00000000ea800000, 0x00000000ea900000|  0%| F|  |TAMS 0x00000000ea800000, 0x00000000ea800000| Untracked 
| 169|0x00000000ea900000, 0x00000000ea900000, 0x00000000eaa00000|  0%| F|  |TAMS 0x00000000ea900000, 0x00000000ea900000| Untracked 
| 170|0x00000000eaa00000, 0x00000000eaa00000, 0x00000000eab00000|  0%| F|  |TAMS 0x00000000eaa00000, 0x00000000eaa00000| Untracked 
| 171|0x00000000eab00000, 0x00000000eab00000, 0x00000000eac00000|  0%| F|  |TAMS 0x00000000eab00000, 0x00000000eab00000| Untracked 
| 172|0x00000000eac00000, 0x00000000eac00000, 0x00000000ead00000|  0%| F|  |TAMS 0x00000000eac00000, 0x00000000eac00000| Untracked 
| 173|0x00000000ead00000, 0x00000000ead00000, 0x00000000eae00000|  0%| F|  |TAMS 0x00000000ead00000, 0x00000000ead00000| Untracked 
| 174|0x00000000eae00000, 0x00000000eae00000, 0x00000000eaf00000|  0%| F|  |TAMS 0x00000000eae00000, 0x00000000eae00000| Untracked 
| 175|0x00000000eaf00000, 0x00000000eaf00000, 0x00000000eb000000|  0%| F|  |TAMS 0x00000000eaf00000, 0x00000000eaf00000| Untracked 
| 176|0x00000000eb000000, 0x00000000eb000000, 0x00000000eb100000|  0%| F|  |TAMS 0x00000000eb000000, 0x00000000eb000000| Untracked 
| 177|0x00000000eb100000, 0x00000000eb100000, 0x00000000eb200000|  0%| F|  |TAMS 0x00000000eb100000, 0x00000000eb100000| Untracked 
| 178|0x00000000eb200000, 0x00000000eb200000, 0x00000000eb300000|  0%| F|  |TAMS 0x00000000eb200000, 0x00000000eb200000| Untracked 
| 179|0x00000000eb300000, 0x00000000eb300000, 0x00000000eb400000|  0%| F|  |TAMS 0x00000000eb300000, 0x00000000eb300000| Untracked 
| 180|0x00000000eb400000, 0x00000000eb400000, 0x00000000eb500000|  0%| F|  |TAMS 0x00000000eb400000, 0x00000000eb400000| Untracked 
| 181|0x00000000eb500000, 0x00000000eb500000, 0x00000000eb600000|  0%| F|  |TAMS 0x00000000eb500000, 0x00000000eb500000| Untracked 
| 182|0x00000000eb600000, 0x00000000eb600000, 0x00000000eb700000|  0%| F|  |TAMS 0x00000000eb600000, 0x00000000eb600000| Untracked 
| 183|0x00000000eb700000, 0x00000000eb700000, 0x00000000eb800000|  0%| F|  |TAMS 0x00000000eb700000, 0x00000000eb700000| Untracked 
| 184|0x00000000eb800000, 0x00000000eb800000, 0x00000000eb900000|  0%| F|  |TAMS 0x00000000eb800000, 0x00000000eb800000| Untracked 
| 185|0x00000000eb900000, 0x00000000eb900000, 0x00000000eba00000|  0%| F|  |TAMS 0x00000000eb900000, 0x00000000eb900000| Untracked 
| 186|0x00000000eba00000, 0x00000000eba00000, 0x00000000ebb00000|  0%| F|  |TAMS 0x00000000eba00000, 0x00000000eba00000| Untracked 
| 187|0x00000000ebb00000, 0x00000000ebb00000, 0x00000000ebc00000|  0%| F|  |TAMS 0x00000000ebb00000, 0x00000000ebb00000| Untracked 
| 188|0x00000000ebc00000, 0x00000000ebc00000, 0x00000000ebd00000|  0%| F|  |TAMS 0x00000000ebc00000, 0x00000000ebc00000| Untracked 
| 189|0x00000000ebd00000, 0x00000000ebd00000, 0x00000000ebe00000|  0%| F|  |TAMS 0x00000000ebd00000, 0x00000000ebd00000| Untracked 
| 190|0x00000000ebe00000, 0x00000000ebe00000, 0x00000000ebf00000|  0%| F|  |TAMS 0x00000000ebe00000, 0x00000000ebe00000| Untracked 
| 191|0x00000000ebf00000, 0x00000000ebf00000, 0x00000000ec000000|  0%| F|  |TAMS 0x00000000ebf00000, 0x00000000ebf00000| Untracked 
| 192|0x00000000ec000000, 0x00000000ec000000, 0x00000000ec100000|  0%| F|  |TAMS 0x00000000ec000000, 0x00000000ec000000| Untracked 
| 193|0x00000000ec100000, 0x00000000ec100000, 0x00000000ec200000|  0%| F|  |TAMS 0x00000000ec100000, 0x00000000ec100000| Untracked 
| 194|0x00000000ec200000, 0x00000000ec200000, 0x00000000ec300000|  0%| F|  |TAMS 0x00000000ec200000, 0x00000000ec200000| Untracked 
| 195|0x00000000ec300000, 0x00000000ec300000, 0x00000000ec400000|  0%| F|  |TAMS 0x00000000ec300000, 0x00000000ec300000| Untracked 
| 196|0x00000000ec400000, 0x00000000ec400000, 0x00000000ec500000|  0%| F|  |TAMS 0x00000000ec400000, 0x00000000ec400000| Untracked 
| 197|0x00000000ec500000, 0x00000000ec500000, 0x00000000ec600000|  0%| F|  |TAMS 0x00000000ec500000, 0x00000000ec500000| Untracked 
| 198|0x00000000ec600000, 0x00000000ec600000, 0x00000000ec700000|  0%| F|  |TAMS 0x00000000ec600000, 0x00000000ec600000| Untracked 
| 199|0x00000000ec700000, 0x00000000ec748890, 0x00000000ec800000| 28%| E|  |TAMS 0x00000000ec700000, 0x00000000ec700000| Complete 
| 200|0x00000000ec800000, 0x00000000ec900000, 0x00000000ec900000|100%| E|CS|TAMS 0x00000000ec800000, 0x00000000ec800000| Complete 
| 201|0x00000000ec900000, 0x00000000eca00000, 0x00000000eca00000|100%| E|CS|TAMS 0x00000000ec900000, 0x00000000ec900000| Complete 
| 202|0x00000000eca00000, 0x00000000ecb00000, 0x00000000ecb00000|100%| E|CS|TAMS 0x00000000eca00000, 0x00000000eca00000| Complete 
| 203|0x00000000ecb00000, 0x00000000ecc00000, 0x00000000ecc00000|100%| E|CS|TAMS 0x00000000ecb00000, 0x00000000ecb00000| Complete 
| 204|0x00000000ecc00000, 0x00000000ecd00000, 0x00000000ecd00000|100%| E|CS|TAMS 0x00000000ecc00000, 0x00000000ecc00000| Complete 
| 205|0x00000000ecd00000, 0x00000000ece00000, 0x00000000ece00000|100%| E|CS|TAMS 0x00000000ecd00000, 0x00000000ecd00000| Complete 
| 206|0x00000000ece00000, 0x00000000ecf00000, 0x00000000ecf00000|100%| E|CS|TAMS 0x00000000ece00000, 0x00000000ece00000| Complete 
| 207|0x00000000ecf00000, 0x00000000ed000000, 0x00000000ed000000|100%| E|CS|TAMS 0x00000000ecf00000, 0x00000000ecf00000| Complete 
| 208|0x00000000ed000000, 0x00000000ed100000, 0x00000000ed100000|100%| E|CS|TAMS 0x00000000ed000000, 0x00000000ed000000| Complete 
| 209|0x00000000ed100000, 0x00000000ed200000, 0x00000000ed200000|100%| E|CS|TAMS 0x00000000ed100000, 0x00000000ed100000| Complete 
| 210|0x00000000ed200000, 0x00000000ed300000, 0x00000000ed300000|100%| E|CS|TAMS 0x00000000ed200000, 0x00000000ed200000| Complete 
| 211|0x00000000ed300000, 0x00000000ed400000, 0x00000000ed400000|100%| E|CS|TAMS 0x00000000ed300000, 0x00000000ed300000| Complete 
| 212|0x00000000ed400000, 0x00000000ed500000, 0x00000000ed500000|100%| E|CS|TAMS 0x00000000ed400000, 0x00000000ed400000| Complete 
| 213|0x00000000ed500000, 0x00000000ed600000, 0x00000000ed600000|100%| E|CS|TAMS 0x00000000ed500000, 0x00000000ed500000| Complete 
| 214|0x00000000ed600000, 0x00000000ed6ffff0, 0x00000000ed700000| 99%| E|  |TAMS 0x00000000ed600000, 0x00000000ed600000| Complete 
| 215|0x00000000ed700000, 0x00000000ed800000, 0x00000000ed800000|100%| E|CS|TAMS 0x00000000ed700000, 0x00000000ed700000| Complete 
| 216|0x00000000ed800000, 0x00000000ed900000, 0x00000000ed900000|100%| E|CS|TAMS 0x00000000ed800000, 0x00000000ed800000| Complete 
| 217|0x00000000ed900000, 0x00000000eda00000, 0x00000000eda00000|100%| E|CS|TAMS 0x00000000ed900000, 0x00000000ed900000| Complete 
| 218|0x00000000eda00000, 0x00000000edb00000, 0x00000000edb00000|100%| E|CS|TAMS 0x00000000eda00000, 0x00000000eda00000| Complete 
| 219|0x00000000edb00000, 0x00000000edc00000, 0x00000000edc00000|100%| E|CS|TAMS 0x00000000edb00000, 0x00000000edb00000| Complete 
| 220|0x00000000edc00000, 0x00000000edd00000, 0x00000000edd00000|100%| E|CS|TAMS 0x00000000edc00000, 0x00000000edc00000| Complete 
| 221|0x00000000edd00000, 0x00000000ede00000, 0x00000000ede00000|100%| E|CS|TAMS 0x00000000edd00000, 0x00000000edd00000| Complete 
| 222|0x00000000ede00000, 0x00000000edf00000, 0x00000000edf00000|100%| E|CS|TAMS 0x00000000ede00000, 0x00000000ede00000| Complete 
| 223|0x00000000edf00000, 0x00000000ee000000, 0x00000000ee000000|100%| E|CS|TAMS 0x00000000edf00000, 0x00000000edf00000| Complete 
| 224|0x00000000ee000000, 0x00000000ee100000, 0x00000000ee100000|100%| E|CS|TAMS 0x00000000ee000000, 0x00000000ee000000| Complete 
| 225|0x00000000ee100000, 0x00000000ee200000, 0x00000000ee200000|100%| E|CS|TAMS 0x00000000ee100000, 0x00000000ee100000| Complete 
| 226|0x00000000ee200000, 0x00000000ee300000, 0x00000000ee300000|100%| E|CS|TAMS 0x00000000ee200000, 0x00000000ee200000| Complete 
| 227|0x00000000ee300000, 0x00000000ee400000, 0x00000000ee400000|100%| E|CS|TAMS 0x00000000ee300000, 0x00000000ee300000| Complete 
| 228|0x00000000ee400000, 0x00000000ee500000, 0x00000000ee500000|100%| E|CS|TAMS 0x00000000ee400000, 0x00000000ee400000| Complete 
| 229|0x00000000ee500000, 0x00000000ee600000, 0x00000000ee600000|100%| E|CS|TAMS 0x00000000ee500000, 0x00000000ee500000| Complete 
| 230|0x00000000ee600000, 0x00000000ee700000, 0x00000000ee700000|100%| E|CS|TAMS 0x00000000ee600000, 0x00000000ee600000| Complete 
| 231|0x00000000ee700000, 0x00000000ee800000, 0x00000000ee800000|100%| E|CS|TAMS 0x00000000ee700000, 0x00000000ee700000| Complete 
| 232|0x00000000ee800000, 0x00000000ee900000, 0x00000000ee900000|100%| E|CS|TAMS 0x00000000ee800000, 0x00000000ee800000| Complete 
| 233|0x00000000ee900000, 0x00000000eea00000, 0x00000000eea00000|100%| E|CS|TAMS 0x00000000ee900000, 0x00000000ee900000| Complete 
| 234|0x00000000eea00000, 0x00000000eeb00000, 0x00000000eeb00000|100%| E|CS|TAMS 0x00000000eea00000, 0x00000000eea00000| Complete 
| 235|0x00000000eeb00000, 0x00000000eec00000, 0x00000000eec00000|100%| E|CS|TAMS 0x00000000eeb00000, 0x00000000eeb00000| Complete 
| 236|0x00000000eec00000, 0x00000000eed00000, 0x00000000eed00000|100%| E|CS|TAMS 0x00000000eec00000, 0x00000000eec00000| Complete 
| 237|0x00000000eed00000, 0x00000000eee00000, 0x00000000eee00000|100%| E|CS|TAMS 0x00000000eed00000, 0x00000000eed00000| Complete 
| 238|0x00000000eee00000, 0x00000000eef00000, 0x00000000eef00000|100%| E|CS|TAMS 0x00000000eee00000, 0x00000000eee00000| Complete 
| 239|0x00000000eef00000, 0x00000000ef000000, 0x00000000ef000000|100%| E|CS|TAMS 0x00000000eef00000, 0x00000000eef00000| Complete 
| 240|0x00000000ef000000, 0x00000000ef100000, 0x00000000ef100000|100%| E|CS|TAMS 0x00000000ef000000, 0x00000000ef000000| Complete 
| 241|0x00000000ef100000, 0x00000000ef200000, 0x00000000ef200000|100%| E|CS|TAMS 0x00000000ef100000, 0x00000000ef100000| Complete 
| 242|0x00000000ef200000, 0x00000000ef300000, 0x00000000ef300000|100%| E|CS|TAMS 0x00000000ef200000, 0x00000000ef200000| Complete 
| 243|0x00000000ef300000, 0x00000000ef400000, 0x00000000ef400000|100%| E|CS|TAMS 0x00000000ef300000, 0x00000000ef300000| Complete 
| 244|0x00000000ef400000, 0x00000000ef500000, 0x00000000ef500000|100%| E|CS|TAMS 0x00000000ef400000, 0x00000000ef400000| Complete 
| 245|0x00000000ef500000, 0x00000000ef600000, 0x00000000ef600000|100%| E|CS|TAMS 0x00000000ef500000, 0x00000000ef500000| Complete 
| 246|0x00000000ef600000, 0x00000000ef700000, 0x00000000ef700000|100%| E|CS|TAMS 0x00000000ef600000, 0x00000000ef600000| Complete 
| 247|0x00000000ef700000, 0x00000000ef800000, 0x00000000ef800000|100%| E|CS|TAMS 0x00000000ef700000, 0x00000000ef700000| Complete 
| 248|0x00000000ef800000, 0x00000000ef900000, 0x00000000ef900000|100%| E|CS|TAMS 0x00000000ef800000, 0x00000000ef800000| Complete 
| 249|0x00000000ef900000, 0x00000000efa00000, 0x00000000efa00000|100%| E|CS|TAMS 0x00000000ef900000, 0x00000000ef900000| Complete 
| 250|0x00000000efa00000, 0x00000000efb00000, 0x00000000efb00000|100%| E|CS|TAMS 0x00000000efa00000, 0x00000000efa00000| Complete 
| 251|0x00000000efb00000, 0x00000000efc00000, 0x00000000efc00000|100%| E|CS|TAMS 0x00000000efb00000, 0x00000000efb00000| Complete 
| 252|0x00000000efc00000, 0x00000000efd00000, 0x00000000efd00000|100%| E|CS|TAMS 0x00000000efc00000, 0x00000000efc00000| Complete 
| 253|0x00000000efd00000, 0x00000000efe00000, 0x00000000efe00000|100%| E|CS|TAMS 0x00000000efd00000, 0x00000000efd00000| Complete 
| 254|0x00000000efe00000, 0x00000000eff00000, 0x00000000eff00000|100%| E|CS|TAMS 0x00000000efe00000, 0x00000000efe00000| Complete 
| 255|0x00000000eff00000, 0x00000000f0000000, 0x00000000f0000000|100%| E|CS|TAMS 0x00000000eff00000, 0x00000000eff00000| Complete 
| 256|0x00000000f0000000, 0x00000000f0100000, 0x00000000f0100000|100%| E|CS|TAMS 0x00000000f0000000, 0x00000000f0000000| Complete 
| 257|0x00000000f0100000, 0x00000000f01aadc0, 0x00000000f0200000| 66%| S|CS|TAMS 0x00000000f0100000, 0x00000000f0100000| Complete 
| 258|0x00000000f0200000, 0x00000000f0300000, 0x00000000f0300000|100%| E|CS|TAMS 0x00000000f0200000, 0x00000000f0200000| Complete 
| 259|0x00000000f0300000, 0x00000000f0400000, 0x00000000f0400000|100%| E|CS|TAMS 0x00000000f0300000, 0x00000000f0300000| Complete 
| 260|0x00000000f0400000, 0x00000000f0500000, 0x00000000f0500000|100%| E|CS|TAMS 0x00000000f0400000, 0x00000000f0400000| Complete 
| 261|0x00000000f0500000, 0x00000000f0600000, 0x00000000f0600000|100%| E|CS|TAMS 0x00000000f0500000, 0x00000000f0500000| Complete 
| 262|0x00000000f0600000, 0x00000000f0700000, 0x00000000f0700000|100%| E|CS|TAMS 0x00000000f0600000, 0x00000000f0600000| Complete 
| 263|0x00000000f0700000, 0x00000000f0800000, 0x00000000f0800000|100%| E|CS|TAMS 0x00000000f0700000, 0x00000000f0700000| Complete 
| 264|0x00000000f0800000, 0x00000000f0900000, 0x00000000f0900000|100%| E|CS|TAMS 0x00000000f0800000, 0x00000000f0800000| Complete 
| 265|0x00000000f0900000, 0x00000000f0a00000, 0x00000000f0a00000|100%| E|CS|TAMS 0x00000000f0900000, 0x00000000f0900000| Complete 
| 266|0x00000000f0a00000, 0x00000000f0b00000, 0x00000000f0b00000|100%| E|CS|TAMS 0x00000000f0a00000, 0x00000000f0a00000| Complete 

Card table byte_map: [0x000001ece3210000,0x000001ece3310000] _byte_map_base: 0x000001ece2b10000

Marking Bits (Prev, Next): (CMBitMap*) 0x000001eccfa79d18, (CMBitMap*) 0x000001eccfa79d50
 Prev Bits: [0x000001ece3410000, 0x000001ece3c10000)
 Next Bits: [0x000001ece3c10000, 0x000001ece4410000)

Polling page: 0x000001ecce090000

Metaspace:

Usage:
  Non-class:     83.58 MB capacity,    81.32 MB ( 97%) used,     1.89 MB (  2%) free+waste,   371.75 KB ( <1%) overhead. 
      Class:     12.61 MB capacity,    11.47 MB ( 91%) used,   998.83 KB (  8%) free+waste,   164.19 KB (  1%) overhead. 
       Both:     96.19 MB capacity,    92.80 MB ( 96%) used,     2.87 MB (  3%) free+waste,   535.94 KB ( <1%) overhead. 

Virtual space:
  Non-class space:       84.00 MB reserved,      83.96 MB (>99%) committed 
      Class space:      248.00 MB reserved,      12.75 MB (  5%) committed 
             Both:      332.00 MB reserved,      96.71 MB ( 29%) committed 

Chunk freelists:
   Non-Class:  201.00 KB
       Class:  79.00 KB
        Both:  280.00 KB

MaxMetaspaceSize: 256.00 MB
CompressedClassSpaceSize: 248.00 MB

CodeHeap 'non-profiled nmethods': size=120000Kb used=25908Kb max_used=26182Kb free=94091Kb
 bounds [0x000001ecdb170000, 0x000001ecdcb10000, 0x000001ece26a0000]
CodeHeap 'profiled nmethods': size=120000Kb used=38565Kb max_used=41570Kb free=81434Kb
 bounds [0x000001ecd3c40000, 0x000001ecd6550000, 0x000001ecdb170000]
CodeHeap 'non-nmethods': size=5760Kb used=2292Kb max_used=2394Kb free=3467Kb
 bounds [0x000001ecd36a0000, 0x000001ecd3910000, 0x000001ecd3c40000]
 total_blobs=20161 nmethods=19274 adapters=796
 compilation: enabled
              stopped_count=0, restarted_count=0
 full_count=0

Compilation events (20 events):
Event: 13336.785 Thread 0x000001ece6e7f000 nmethod 24903 0x000001ecd4434290 code [0x000001ecd4434460, 0x000001ecd44346f8]
Event: 13336.792 Thread 0x000001ece6e7f000 24905       3       com.google.common.collect.ImmutableListMultimap::builder (8 bytes)
Event: 13336.795 Thread 0x000001ece6e7f000 nmethod 24905 0x000001ecd4450c10 code [0x000001ecd4450e40, 0x000001ecd4451408]
Event: 13336.795 Thread 0x000001ece6e7f000 24906       3       com.google.common.collect.ImmutableListMultimap$Builder::<init> (5 bytes)
Event: 13336.795 Thread 0x000001ece6e7f000 nmethod 24906 0x000001ecd445d390 code [0x000001ecd445d5a0, 0x000001ecd445dac8]
Event: 13336.795 Thread 0x000001ece6e7f000 24907       3       com.google.common.collect.ImmutableListMultimap$Builder::build (8 bytes)
Event: 13336.796 Thread 0x000001ece6e7f000 nmethod 24907 0x000001ecd4428b10 code [0x000001ecd4428ce0, 0x000001ecd4428ee8]
Event: 13336.799 Thread 0x000001ece6e7f000 24908       3       java.math.BigInteger::valueOf (62 bytes)
Event: 13336.799 Thread 0x000001ece6e7f000 nmethod 24908 0x000001ecd445cc90 code [0x000001ecd445ce60, 0x000001ecd445d208]
Event: 13336.837 Thread 0x000001ece6e7f000 24909       3       org.gradle.internal.snapshot.impl.IsolatedArray::isolate (5 bytes)
Event: 13336.838 Thread 0x000001ece6e7f000 nmethod 24909 0x000001ecd4469d10 code [0x000001ecd4469ec0, 0x000001ecd446a008]
Event: 13336.838 Thread 0x000001ece6e7f000 24910       3       org.gradle.internal.snapshot.impl.IsolatedArray::isolate (60 bytes)
Event: 13336.838 Thread 0x000001ece6e7f000 nmethod 24910 0x000001ecd45fef10 code [0x000001ecd45ff160, 0x000001ecd45ffa48]
Event: 13336.856 Thread 0x000001ecef8da000 nmethod 24766% 0x000001ecdbddb510 code [0x000001ecdbddb920, 0x000001ecdbddf550]
Event: 13336.857 Thread 0x000001ecef8da000 24897       4       org.objectweb.asm.MethodVisitor::visitAnnotation (19 bytes)
Event: 13336.857 Thread 0x000001ecef8da000 nmethod 24897 0x000001ecdbdb2b10 code [0x000001ecdbdb2ca0, 0x000001ecdbdb2d58]
Event: 13336.857 Thread 0x000001ecef8da000 24894       4       java.util.regex.Matcher::appendExpandedReplacement (510 bytes)
Event: 13336.874 Thread 0x000001ecef8da000 nmethod 24894 0x000001ecdbdb1c90 code [0x000001ecdbdb1e80, 0x000001ecdbdb2588]
Event: 13336.892 Thread 0x000001ecef8da000 24911       4       org.gradle.internal.component.external.model.JavaEcosystemVariantDerivationStrategy::buildShadowPlatformCapability (50 bytes)
Event: 13336.897 Thread 0x000001ecef8da000 nmethod 24911 0x000001ecdbdb1310 code [0x000001ecdbdb1500, 0x000001ecdbdb19b8]

GC Heap History (20 events):
Event: 12709.490 GC heap before
{Heap before GC invocations=189 (full 0):
 garbage-first heap   total 273408K, used 158152K [0x00000000e0000000, 0x0000000100000000)
  region size 1024K, 65 young (66560K), 11 survivors (11264K)
 Metaspace       used 85630K, capacity 88692K, committed 90712K, reserved 333824K
  class space    used 10511K, capacity 11532K, committed 11904K, reserved 253952K
}
Event: 12709.498 GC heap after
{Heap after GC invocations=190 (full 0):
 garbage-first heap   total 273408K, used 91224K [0x00000000e0000000, 0x0000000100000000)
  region size 1024K, 3 young (3072K), 3 survivors (3072K)
 Metaspace       used 85630K, capacity 88692K, committed 90712K, reserved 333824K
  class space    used 10511K, capacity 11532K, committed 11904K, reserved 253952K
}
Event: 12712.376 GC heap before
{Heap before GC invocations=191 (full 0):
 garbage-first heap   total 273408K, used 244824K [0x00000000e0000000, 0x0000000100000000)
  region size 1024K, 137 young (140288K), 3 survivors (3072K)
 Metaspace       used 88611K, capacity 92022K, committed 92120K, reserved 335872K
  class space    used 10910K, capacity 12001K, committed 12032K, reserved 253952K
}
Event: 12712.513 GC heap after
{Heap after GC invocations=192 (full 0):
 garbage-first heap   total 273408K, used 117322K [0x00000000e0000000, 0x0000000100000000)
  region size 1024K, 12 young (12288K), 12 survivors (12288K)
 Metaspace       used 88611K, capacity 92022K, committed 92120K, reserved 335872K
  class space    used 10910K, capacity 12001K, committed 12032K, reserved 253952K
}
Event: 12712.548 GC heap before
{Heap before GC invocations=192 (full 0):
 garbage-first heap   total 273408K, used 117322K [0x00000000e0000000, 0x0000000100000000)
  region size 1024K, 13 young (13312K), 12 survivors (12288K)
 Metaspace       used 88611K, capacity 92022K, committed 92120K, reserved 335872K
  class space    used 10910K, capacity 12001K, committed 12032K, reserved 253952K
}
Event: 12712.583 GC heap after
{Heap after GC invocations=193 (full 0):
 garbage-first heap   total 273408K, used 114256K [0x00000000e0000000, 0x0000000100000000)
  region size 1024K, 1 young (1024K), 1 survivors (1024K)
 Metaspace       used 88611K, capacity 92022K, committed 92120K, reserved 335872K
  class space    used 10910K, capacity 12001K, committed 12032K, reserved 253952K
}
Event: 12715.509 GC heap before
{Heap before GC invocations=193 (full 0):
 garbage-first heap   total 273408K, used 232016K [0x00000000e0000000, 0x0000000100000000)
  region size 1024K, 116 young (118784K), 1 survivors (1024K)
 Metaspace       used 88819K, capacity 92215K, committed 92376K, reserved 335872K
  class space    used 10932K, capacity 12001K, committed 12032K, reserved 253952K
}
Event: 12715.547 GC heap after
{Heap after GC invocations=194 (full 0):
 garbage-first heap   total 273408K, used 129771K [0x00000000e0000000, 0x0000000100000000)
  region size 1024K, 15 young (15360K), 15 survivors (15360K)
 Metaspace       used 88819K, capacity 92215K, committed 92376K, reserved 335872K
  class space    used 10932K, capacity 12001K, committed 12032K, reserved 253952K
}
Event: 12717.517 GC heap before
{Heap before GC invocations=195 (full 0):
 garbage-first heap   total 273408K, used 223979K [0x00000000e0000000, 0x0000000100000000)
  region size 1024K, 107 young (109568K), 15 survivors (15360K)
 Metaspace       used 88902K, capacity 92232K, committed 92504K, reserved 335872K
  class space    used 10941K, capacity 12008K, committed 12160K, reserved 253952K
}
Event: 12717.532 GC heap after
{Heap after GC invocations=196 (full 0):
 garbage-first heap   total 273408K, used 134143K [0x00000000e0000000, 0x0000000100000000)
  region size 1024K, 5 young (5120K), 5 survivors (5120K)
 Metaspace       used 88902K, capacity 92232K, committed 92504K, reserved 335872K
  class space    used 10941K, capacity 12008K, committed 12160K, reserved 253952K
}
Event: 12718.723 GC heap before
{Heap before GC invocations=196 (full 0):
 garbage-first heap   total 273408K, used 226303K [0x00000000e0000000, 0x0000000100000000)
  region size 1024K, 95 young (97280K), 5 survivors (5120K)
 Metaspace       used 90653K, capacity 94050K, committed 94296K, reserved 335872K
  class space    used 11205K, capacity 12332K, committed 12416K, reserved 253952K
}
Event: 12718.737 GC heap after
{Heap after GC invocations=197 (full 0):
 garbage-first heap   total 273408K, used 136191K [0x00000000e0000000, 0x0000000100000000)
  region size 1024K, 7 young (7168K), 7 survivors (7168K)
 Metaspace       used 90653K, capacity 94050K, committed 94296K, reserved 335872K
  class space    used 11205K, capacity 12332K, committed 12416K, reserved 253952K
}
Event: 12721.018 GC heap before
{Heap before GC invocations=198 (full 0):
 garbage-first heap   total 273408K, used 228351K [0x00000000e0000000, 0x0000000100000000)
  region size 1024K, 97 young (99328K), 7 survivors (7168K)
 Metaspace       used 94567K, capacity 98040K, committed 98136K, reserved 339968K
  class space    used 11715K, capacity 12862K, committed 12928K, reserved 253952K
}
Event: 12721.079 GC heap after
{Heap after GC invocations=199 (full 0):
 garbage-first heap   total 273408K, used 141960K [0x00000000e0000000, 0x0000000100000000)
  region size 1024K, 13 young (13312K), 13 survivors (13312K)
 Metaspace       used 94567K, capacity 98040K, committed 98136K, reserved 339968K
  class space    used 11715K, capacity 12862K, committed 12928K, reserved 253952K
}
Event: 12857.756 GC heap before
{Heap before GC invocations=199 (full 0):
 garbage-first heap   total 273408K, used 226952K [0x00000000e0000000, 0x0000000100000000)
  region size 1024K, 97 young (99328K), 13 survivors (13312K)
 Metaspace       used 95002K, capacity 98484K, committed 98776K, reserved 339968K
  class space    used 11770K, capacity 12929K, committed 13056K, reserved 253952K
}
Event: 12857.839 GC heap after
{Heap after GC invocations=200 (full 0):
 garbage-first heap   total 273408K, used 149004K [0x00000000e0000000, 0x0000000100000000)
  region size 1024K, 13 young (13312K), 13 survivors (13312K)
 Metaspace       used 95002K, capacity 98484K, committed 98776K, reserved 339968K
  class space    used 11770K, capacity 12929K, committed 13056K, reserved 253952K
}
Event: 12858.607 GC heap before
{Heap before GC invocations=201 (full 0):
 garbage-first heap   total 273408K, used 228876K [0x00000000e0000000, 0x0000000100000000)
  region size 1024K, 91 young (93184K), 13 survivors (13312K)
 Metaspace       used 94770K, capacity 98110K, committed 98776K, reserved 339968K
  class space    used 11725K, capacity 12854K, committed 13056K, reserved 253952K
}
Event: 12858.663 GC heap after
{Heap after GC invocations=202 (full 0):
 garbage-first heap   total 273408K, used 152728K [0x00000000e0000000, 0x0000000100000000)
  region size 1024K, 4 young (4096K), 4 survivors (4096K)
 Metaspace       used 94770K, capacity 98110K, committed 98776K, reserved 339968K
  class space    used 11725K, capacity 12854K, committed 13056K, reserved 253952K
}
Event: 12858.826 GC heap before
{Heap before GC invocations=202 (full 0):
 garbage-first heap   total 273408K, used 161944K [0x00000000e0000000, 0x0000000100000000)
  region size 1024K, 13 young (13312K), 4 survivors (4096K)
 Metaspace       used 94790K, capacity 98135K, committed 98776K, reserved 339968K
  class space    used 11727K, capacity 12858K, committed 13056K, reserved 253952K
}
Event: 12858.866 GC heap after
{Heap after GC invocations=203 (full 0):
 garbage-first heap   total 273408K, used 152762K [0x00000000e0000000, 0x0000000100000000)
  region size 1024K, 1 young (1024K), 1 survivors (1024K)
 Metaspace       used 94790K, capacity 98135K, committed 98776K, reserved 339968K
  class space    used 11727K, capacity 12858K, committed 13056K, reserved 253952K
}

Deoptimization events (20 events):
Event: 13336.526 Thread 0x000001ecedb1d000 DEOPT PACKING pc=0x000001ecd4b00166 sp=0x000000c62c3f7050
Event: 13336.526 Thread 0x000001ecedb1d000 DEOPT UNPACKING pc=0x000001ecd36c8ede sp=0x000000c62c3f65d8 mode 0
Event: 13336.604 Thread 0x000001ecedb1d000 Uncommon trap: trap_request=0xffffffc6 fr.pc=0x000001ecdb35a0ac relative=0x00000000000005ac
Event: 13336.604 Thread 0x000001ecedb1d000 Uncommon trap: reason=bimorphic_or_optimized_type_check action=maybe_recompile pc=0x000001ecdb35a0ac method=java.util.Spliterators$IteratorSpliterator.forEachRemaining(Ljava/util/function/Consumer;)V @ 26 c2
Event: 13336.604 Thread 0x000001ecedb1d000 DEOPT PACKING pc=0x000001ecdb35a0ac sp=0x000000c62c3fa1d0
Event: 13336.604 Thread 0x000001ecedb1d000 DEOPT UNPACKING pc=0x000001ecd36a83af sp=0x000000c62c3fa190 mode 2
Event: 13336.605 Thread 0x000001ecedb1d000 DEOPT PACKING pc=0x000001ecd453a296 sp=0x000000c62c3f8dc0
Event: 13336.605 Thread 0x000001ecedb1d000 DEOPT UNPACKING pc=0x000001ecd36c8ede sp=0x000000c62c3f82d0 mode 0
Event: 13336.606 Thread 0x000001ecedb1d000 DEOPT PACKING pc=0x000001ecd453a296 sp=0x000000c62c3f9090
Event: 13336.606 Thread 0x000001ecedb1d000 DEOPT UNPACKING pc=0x000001ecd36c8ede sp=0x000000c62c3f85a0 mode 0
Event: 13336.606 Thread 0x000001ecedb1d000 DEOPT PACKING pc=0x000001ecd453a296 sp=0x000000c62c3f9090
Event: 13336.606 Thread 0x000001ecedb1d000 DEOPT UNPACKING pc=0x000001ecd36c8ede sp=0x000000c62c3f85a0 mode 0
Event: 13336.629 Thread 0x000001ecedb1d000 Uncommon trap: trap_request=0xffffffc6 fr.pc=0x000001ecdba88984 relative=0x0000000000000204
Event: 13336.629 Thread 0x000001ecedb1d000 Uncommon trap: reason=bimorphic_or_optimized_type_check action=maybe_recompile pc=0x000001ecdba88984 method=java.util.AbstractList.indexOf(Ljava/lang/Object;)I @ 1 c2
Event: 13336.629 Thread 0x000001ecedb1d000 DEOPT PACKING pc=0x000001ecdba88984 sp=0x000000c62c3f9f10
Event: 13336.629 Thread 0x000001ecedb1d000 DEOPT UNPACKING pc=0x000001ecd36a83af sp=0x000000c62c3f9ec8 mode 2
Event: 13336.634 Thread 0x000001ecedb1d000 Uncommon trap: trap_request=0xffffff4d fr.pc=0x000001ecdc5f8d68 relative=0x0000000000001108
Event: 13336.634 Thread 0x000001ecedb1d000 Uncommon trap: reason=unstable_if action=reinterpret pc=0x000001ecdc5f8d68 method=groovyjarjarasm.asm.Frame.push(I)V @ 26 c2
Event: 13336.634 Thread 0x000001ecedb1d000 DEOPT PACKING pc=0x000001ecdc5f8d68 sp=0x000000c62c3f9150
Event: 13336.634 Thread 0x000001ecedb1d000 DEOPT UNPACKING pc=0x000001ecd36a83af sp=0x000000c62c3f9078 mode 2

Classes redefined (0 events):
No events

Internal exceptions (20 events):
Event: 12720.256 Thread 0x000001ecedb1a800 Exception <a 'java/lang/ClassNotFoundException'{0x00000000ecd82e80}: org/gradle/util/GUtilBeanInfo> (0x00000000ecd82e80) thrown at [./src/hotspot/share/classfile/systemDictionary.cpp, line 232]
Event: 12720.257 Thread 0x000001ecedb1a800 Exception <a 'java/lang/ClassNotFoundException'{0x00000000ecd953d0}: org/gradle/util/GUtilCustomizer> (0x00000000ecd953d0) thrown at [./src/hotspot/share/classfile/systemDictionary.cpp, line 232]
Event: 12720.790 Thread 0x000001ecedb1a800 Exception <a 'java/lang/NoSuchMethodError'{0x00000000eba7ef80}: 'java.lang.Object java.lang.invoke.Invokers$Holder.linkToTargetMethod(java.lang.Object, java.lang.Object, java.lang.Object, java.lang.Object, java.lang.Object, java.lang.Object, java.lang.Object)'> (0x00000000eba7ef80) thrown at [./src/hotspot/share/interpreter/linkResolver.cpp, line 779]
Event: 12721.247 Thread 0x000001ecedb1b000 Exception <a 'java/lang/NoSuchMethodError'{0x00000000f0526928}: <clinit>> (0x00000000f0526928) thrown at [./src/hotspot/share/prims/jni.cpp, line 1363]
Event: 12721.250 Thread 0x000001ecedb1b000 Exception <a 'java/lang/NoSuchMethodError'{0x00000000f05452a8}: <clinit>> (0x00000000f05452a8) thrown at [./src/hotspot/share/prims/jni.cpp, line 1363]
Event: 12721.251 Thread 0x000001ecedb1b000 Exception <a 'java/lang/NoSuchMethodError'{0x00000000f0554e88}: <clinit>> (0x00000000f0554e88) thrown at [./src/hotspot/share/prims/jni.cpp, line 1363]
Event: 12855.515 Thread 0x000001ecedb1c000 Exception <a 'java/lang/NoSuchMethodError'{0x00000000effc25f8}: <clinit>> (0x00000000effc25f8) thrown at [./src/hotspot/share/prims/jni.cpp, line 1363]
Event: 12856.026 Thread 0x000001ecedb1a800 Exception <a 'java/lang/NoClassDefFoundError'{0x00000000ef7e3400}: org/jetbrains/kotlin/gradle/plugin/KotlinPluginWrapper> (0x00000000ef7e3400) thrown at [./src/hotspot/share/oops/constantPool.cpp, line 775]
Event: 12858.804 Thread 0x000001ecedb1d800 Exception <a 'java/lang/NoSuchMethodError'{0x00000000f02be550}: <clinit>> (0x00000000f02be550) thrown at [./src/hotspot/share/prims/jni.cpp, line 1363]
Event: 12858.806 Thread 0x000001ecedb1d800 Exception <a 'java/lang/NoSuchMethodError'{0x00000000f02d66e0}: <clinit>> (0x00000000f02d66e0) thrown at [./src/hotspot/share/prims/jni.cpp, line 1363]
Event: 12858.806 Thread 0x000001ecedb1d800 Exception <a 'java/lang/NoSuchMethodError'{0x00000000f02d7c18}: <clinit>> (0x00000000f02d7c18) thrown at [./src/hotspot/share/prims/jni.cpp, line 1363]
Event: 12858.806 Thread 0x000001ecedb1d800 Exception <a 'java/lang/NoSuchMethodError'{0x00000000f02d9410}: <clinit>> (0x00000000f02d9410) thrown at [./src/hotspot/share/prims/jni.cpp, line 1363]
Event: 13336.568 Thread 0x000001eceae06000 Exception <a 'sun/nio/fs/WindowsException'{0x00000000ed7dd5d8}> (0x00000000ed7dd5d8) thrown at [./src/hotspot/share/prims/jni.cpp, line 616]
Event: 13336.572 Thread 0x000001eceae06000 Exception <a 'sun/nio/fs/WindowsException'{0x00000000ed7e0870}> (0x00000000ed7e0870) thrown at [./src/hotspot/share/prims/jni.cpp, line 616]
Event: 13336.575 Thread 0x000001eceae06000 Exception <a 'sun/nio/fs/WindowsException'{0x00000000ed7e0a70}> (0x00000000ed7e0a70) thrown at [./src/hotspot/share/prims/jni.cpp, line 616]
Event: 13336.711 Thread 0x000001eceae06800 Exception <a 'sun/nio/fs/WindowsException'{0x00000000ed4716d8}> (0x00000000ed4716d8) thrown at [./src/hotspot/share/prims/jni.cpp, line 616]
Event: 13336.729 Thread 0x000001eceae06800 Exception <a 'sun/nio/fs/WindowsException'{0x00000000ed255f40}> (0x00000000ed255f40) thrown at [./src/hotspot/share/prims/jni.cpp, line 616]
Event: 13336.733 Thread 0x000001eceae06800 Exception <a 'sun/nio/fs/WindowsException'{0x00000000ed256138}> (0x00000000ed256138) thrown at [./src/hotspot/share/prims/jni.cpp, line 616]
Event: 13336.752 Thread 0x000001ecedb1d000 Exception <a 'java/lang/ClassNotFoundException'{0x00000000ed2bbfe0}: ProjectTeam5Application_main___3xcrz5iuncazovzc98sa6q3shBeanInfo> (0x00000000ed2bbfe0) thrown at [./src/hotspot/share/classfile/systemDictionary.cpp, line 232]
Event: 13336.752 Thread 0x000001ecedb1d000 Exception <a 'java/lang/ClassNotFoundException'{0x00000000ed2c9138}: ProjectTeam5Application_main___3xcrz5iuncazovzc98sa6q3shCustomizer> (0x00000000ed2c9138) thrown at [./src/hotspot/share/classfile/systemDictionary.cpp, line 232]

Events (20 events):
Event: 13336.766 Executing VM operation: RevokeBias
Event: 13336.767 Executing VM operation: RevokeBias done
Event: 13336.767 Executing VM operation: RevokeBias
Event: 13336.767 Executing VM operation: RevokeBias done
Event: 13336.773 Thread 0x000001eceae0d000 Thread added: 0x000001eceae0d000
Event: 13336.780 loading class groovy/runtime/metaclass/ProjectTeam5Application_main___3xcrz5iuncazovzc98sa6q3sh$_run_closure1$_closure2MetaClass
Event: 13336.780 loading class groovy/runtime/metaclass/ProjectTeam5Application_main___3xcrz5iuncazovzc98sa6q3sh$_run_closure1$_closure2MetaClass done
Event: 13336.781 Executing VM operation: RevokeBias
Event: 13336.781 Executing VM operation: RevokeBias done
Event: 13336.781 loading class groovy/runtime/metaclass/org/gradle/configuration/internal/DefaultListenerBuildOperationDecorator$BuildOperationEmittingClosureMetaClass
Event: 13336.781 loading class groovy/runtime/metaclass/org/gradle/configuration/internal/DefaultListenerBuildOperationDecorator$BuildOperationEmittingClosureMetaClass done
Event: 13336.783 Executing VM operation: RevokeBias
Event: 13336.783 Executing VM operation: RevokeBias done
Event: 13336.791 Executing VM operation: RevokeBias
Event: 13336.791 Executing VM operation: RevokeBias done
Event: 13336.792 Executing VM operation: RevokeBias
Event: 13336.792 Executing VM operation: RevokeBias done
Event: 13336.792 Executing VM operation: RevokeBias
Event: 13336.792 Executing VM operation: RevokeBias done
Event: 13336.833 Thread 0x000001eceae0b000 Thread added: 0x000001eceae0b000


Dynamic libraries:
0x00007ff7c75d0000 - 0x00007ff7c75da000 	C:\ide\installation\JetBrains\IntelliJ IDEA Community Edition 2021.1.1\jbr\bin\java.exe
0x00007ffb4e170000 - 0x00007ffb4e368000 	C:\windows\SYSTEM32\ntdll.dll
0x00007ffb4d130000 - 0x00007ffb4d1f1000 	C:\windows\System32\KERNEL32.DLL
0x00007ffb4bba0000 - 0x00007ffb4be96000 	C:\windows\System32\KERNELBASE.dll
0x00007ffb4b820000 - 0x00007ffb4b920000 	C:\windows\System32\ucrtbase.dll
0x00007ffb10c30000 - 0x00007ffb10c49000 	C:\ide\installation\JetBrains\IntelliJ IDEA Community Edition 2021.1.1\jbr\bin\jli.dll
0x00007ffb10c10000 - 0x00007ffb10c27000 	C:\ide\installation\JetBrains\IntelliJ IDEA Community Edition 2021.1.1\jbr\bin\VCRUNTIME140.dll
0x00007ffb4c870000 - 0x00007ffb4ca0f000 	C:\windows\System32\USER32.dll
0x00007ffb4bea0000 - 0x00007ffb4bec2000 	C:\windows\System32\win32u.dll
0x00007ffb31830000 - 0x00007ffb31aca000 	C:\windows\WinSxS\amd64_microsoft.windows.common-controls_6595b64144ccf1df_6.0.19041.4355_none_60b8b9eb71f62e16\COMCTL32.dll
0x00007ffb4d440000 - 0x00007ffb4d46b000 	C:\windows\System32\GDI32.dll
0x00007ffb4c7d0000 - 0x00007ffb4c86e000 	C:\windows\System32\msvcrt.dll
0x00007ffb4c080000 - 0x00007ffb4c197000 	C:\windows\System32\gdi32full.dll
0x00007ffb4bed0000 - 0x00007ffb4bf6d000 	C:\windows\System32\msvcp_win.dll
0x00007ffb4e010000 - 0x00007ffb4e03f000 	C:\windows\System32\IMM32.DLL
0x000001ecce1b0000 - 0x000001ecce1c4000 	C:\windows\System32\umppc18513.dll
0x00007ffaee9b0000 - 0x00007ffaeea4d000 	C:\ide\installation\JetBrains\IntelliJ IDEA Community Edition 2021.1.1\jbr\bin\msvcp140.dll
0x00007ffaeea50000 - 0x00007ffaef59f000 	C:\ide\installation\JetBrains\IntelliJ IDEA Community Edition 2021.1.1\jbr\bin\server\jvm.dll
0x00007ffb4d380000 - 0x00007ffb4d430000 	C:\windows\System32\ADVAPI32.dll
0x00007ffb4d200000 - 0x00007ffb4d2a0000 	C:\windows\System32\sechost.dll
0x00007ffb4c6a0000 - 0x00007ffb4c7c3000 	C:\windows\System32\RPCRT4.dll
0x00007ffb4bf70000 - 0x00007ffb4bf97000 	C:\windows\System32\bcrypt.dll
0x00007ffb4ded0000 - 0x00007ffb4ded8000 	C:\windows\System32\PSAPI.DLL
0x00007ffb3dfa0000 - 0x00007ffb3dfa9000 	C:\windows\SYSTEM32\WSOCK32.dll
0x00007ffb4d300000 - 0x00007ffb4d36b000 	C:\windows\System32\WS2_32.dll
0x00007ffb2f2c0000 - 0x00007ffb2f2e7000 	C:\windows\SYSTEM32\WINMM.dll
0x00007ffb40470000 - 0x00007ffb4047a000 	C:\windows\SYSTEM32\VERSION.dll
0x00007ffb499c0000 - 0x00007ffb499d2000 	C:\windows\SYSTEM32\kernel.appcore.dll
0x00007ffb1f2b0000 - 0x00007ffb1f2c1000 	C:\ide\installation\JetBrains\IntelliJ IDEA Community Edition 2021.1.1\jbr\bin\verify.dll
0x00007ffb2e8c0000 - 0x00007ffb2eaa4000 	C:\windows\SYSTEM32\DBGHELP.DLL
0x00007ffb2ec00000 - 0x00007ffb2ec34000 	C:\windows\SYSTEM32\dbgcore.DLL
0x00007ffb4bff0000 - 0x00007ffb4c072000 	C:\windows\System32\bcryptPrimitives.dll
0x00007ffb137a0000 - 0x00007ffb137c9000 	C:\ide\installation\JetBrains\IntelliJ IDEA Community Edition 2021.1.1\jbr\bin\java.dll
0x00007ffb285f0000 - 0x00007ffb285fb000 	C:\ide\installation\JetBrains\IntelliJ IDEA Community Edition 2021.1.1\jbr\bin\jimage.dll
0x00007ffb13760000 - 0x00007ffb13778000 	C:\ide\installation\JetBrains\IntelliJ IDEA Community Edition 2021.1.1\jbr\bin\zip.dll
0x00007ffb4d5b0000 - 0x00007ffb4dd1c000 	C:\windows\System32\SHELL32.dll
0x00007ffb3e3f0000 - 0x00007ffb3eb8e000 	C:\windows\SYSTEM32\windows.storage.dll
0x00007ffb4c340000 - 0x00007ffb4c693000 	C:\windows\System32\combase.dll
0x00007ffb4b090000 - 0x00007ffb4b0be000 	C:\windows\SYSTEM32\Wldp.dll
0x00007ffb4ce80000 - 0x00007ffb4cf4d000 	C:\windows\System32\OLEAUT32.dll
0x00007ffb4d080000 - 0x00007ffb4d12d000 	C:\windows\System32\SHCORE.dll
0x00007ffb4c2e0000 - 0x00007ffb4c335000 	C:\windows\System32\shlwapi.dll
0x00007ffb4b750000 - 0x00007ffb4b774000 	C:\windows\SYSTEM32\profapi.dll
0x00007ffb13020000 - 0x00007ffb1303a000 	C:\ide\installation\JetBrains\IntelliJ IDEA Community Edition 2021.1.1\jbr\bin\net.dll
0x00007ffb4a730000 - 0x00007ffb4a83a000 	C:\windows\SYSTEM32\WINHTTP.dll
0x00007ffb4ae70000 - 0x00007ffb4aeda000 	C:\windows\system32\mswsock.dll
0x00007ffb13000000 - 0x00007ffb13014000 	C:\ide\installation\JetBrains\IntelliJ IDEA Community Edition 2021.1.1\jbr\bin\nio.dll
0x00007ffb11ad0000 - 0x00007ffb11af7000 	C:\Users\sstephen\Downloads\gradle-7.0.2-bin\gradle-7.0.2\native\8bec1ad78214c89d9ad589b4d07fe93259594b29d510b10fafb7a158f7737e5d\windows-amd64\native-platform.dll
0x00007ffad26f0000 - 0x00007ffad282d000 	C:\Users\sstephen\Downloads\gradle-7.0.2-bin\gradle-7.0.2\native\53dbd7edfb1c66fb8903c78663c9afc45aea4f116125fa6feffd364cf09443e8\windows-amd64\native-platform-file-events.dll
0x00007ffb19460000 - 0x00007ffb1946a000 	C:\ide\installation\JetBrains\IntelliJ IDEA Community Edition 2021.1.1\jbr\bin\management.dll
0x00007ffb19260000 - 0x00007ffb1926c000 	C:\ide\installation\JetBrains\IntelliJ IDEA Community Edition 2021.1.1\jbr\bin\management_ext.dll
0x00007ffb4b3e0000 - 0x00007ffb4b3f8000 	C:\windows\SYSTEM32\CRYPTSP.dll
0x00007ffb4a6a0000 - 0x00007ffb4a6d4000 	C:\windows\system32\rsaenh.dll
0x00007ffb4b6c0000 - 0x00007ffb4b6ee000 	C:\windows\SYSTEM32\USERENV.dll
0x00007ffb4b000000 - 0x00007ffb4b00c000 	C:\windows\SYSTEM32\CRYPTBASE.dll
0x00007ffb4ab70000 - 0x00007ffb4abab000 	C:\windows\SYSTEM32\IPHLPAPI.DLL
0x00007ffb4d370000 - 0x00007ffb4d378000 	C:\windows\System32\NSI.dll
0x00007ffb429e0000 - 0x00007ffb429f7000 	C:\windows\SYSTEM32\dhcpcsvc6.DLL
0x00007ffb428e0000 - 0x00007ffb428fd000 	C:\windows\SYSTEM32\dhcpcsvc.DLL
0x00007ffb4abb0000 - 0x00007ffb4ac7a000 	C:\windows\SYSTEM32\DNSAPI.dll

dbghelp: loaded successfully - version: 4.0.5 - missing functions: none
symbol engine: initialized successfully - sym options: 0x614 - pdb path: .;C:\ide\installation\JetBrains\IntelliJ IDEA Community Edition 2021.1.1\jbr\bin;C:\windows\SYSTEM32;C:\windows\WinSxS\amd64_microsoft.windows.common-controls_6595b64144ccf1df_6.0.19041.4355_none_60b8b9eb71f62e16;C:\ide\installation\JetBrains\IntelliJ IDEA Community Edition 2021.1.1\jbr\bin\server;C:\Users\sstephen\Downloads\gradle-7.0.2-bin\gradle-7.0.2\native\8bec1ad78214c89d9ad589b4d07fe93259594b29d510b10fafb7a158f7737e5d\windows-amd64;C:\Users\sstephen\Downloads\gradle-7.0.2-bin\gradle-7.0.2\native\53dbd7edfb1c66fb8903c78663c9afc45aea4f116125fa6feffd364cf09443e8\windows-amd64

VM Arguments:
jvm_args: -Dsun.locale.formatasdefault=true --add-opens=java.base/java.util=ALL-UNNAMED --add-opens=java.base/java.lang=ALL-UNNAMED --add-opens=java.base/java.lang.invoke=ALL-UNNAMED --add-opens=java.base/java.util=ALL-UNNAMED --add-opens=java.prefs/java.util.prefs=ALL-UNNAMED --add-opens=java.prefs/java.util.prefs=ALL-UNNAMED --add-opens=java.base/java.nio.charset=ALL-UNNAMED --add-opens=java.base/java.net=ALL-UNNAMED --add-opens=java.base/java.util.concurrent.atomic=ALL-UNNAMED -XX:MaxMetaspaceSize=256m -XX:+HeapDumpOnOutOfMemoryError -Xms256m -Xmx512m -Dfile.encoding=windows-1252 -Duser.country=US -Duser.language=en -Duser.variant 
java_command: org.gradle.launcher.daemon.bootstrap.GradleDaemon 7.0.2
java_class_path (initial): C:\Users\sstephen\Downloads\gradle-7.0.2-bin\gradle-7.0.2\lib\gradle-launcher-7.0.2.jar
Launcher Type: SUN_STANDARD

[Global flags]
     intx CICompilerCount                          = 4                                         {product} {ergonomic}
   size_t CompressedClassSpaceSize                 = 260046848                                 {product} {ergonomic}
     uint ConcGCThreads                            = 2                                         {product} {ergonomic}
     uint G1ConcRefinementThreads                  = 8                                         {product} {ergonomic}
   size_t G1HeapRegionSize                         = 1048576                                   {product} {ergonomic}
    uintx GCDrainStackTargetSize                   = 64                                        {product} {ergonomic}
     bool HeapDumpOnOutOfMemoryError               = true                                   {manageable} {command line}
   size_t InitialHeapSize                          = 268435456                                 {product} {command line}
   size_t MarkStackSize                            = 4194304                                   {product} {ergonomic}
   size_t MaxHeapSize                              = 536870912                                 {product} {command line}
   size_t MaxMetaspaceSize                         = 268435456                                 {product} {command line}
   size_t MaxNewSize                               = 321912832                                 {product} {ergonomic}
   size_t MinHeapDeltaBytes                        = 1048576                                   {product} {ergonomic}
    uintx NonNMethodCodeHeapSize                   = 5836300                                {pd product} {ergonomic}
    uintx NonProfiledCodeHeapSize                  = 122910970                              {pd product} {ergonomic}
    uintx ProfiledCodeHeapSize                     = 122910970                              {pd product} {ergonomic}
    uintx ReservedCodeCacheSize                    = 251658240                              {pd product} {ergonomic}
     bool SegmentedCodeCache                       = true                                      {product} {ergonomic}
     bool UseCompressedClassPointers               = true                                 {lp64_product} {ergonomic}
     bool UseCompressedOops                        = true                                 {lp64_product} {ergonomic}
     bool UseG1GC                                  = true                                      {product} {ergonomic}
     bool UseLargePagesIndividualAllocation        = false                                  {pd product} {ergonomic}

Logging:
Log output configuration:
 #0: stdout all=warning uptime,level,tags
 #1: stderr all=off uptime,level,tags

Environment Variables:
JAVA_HOME=C:\ide\installation\Java\jdk-11.0.10\
JAVA_TOOL_OPTIONS=-Dsun.locale.formatasdefault=true
CLASSPATH=.;C:\PROGRA~1\IBM\SQLLIB\java\db2java.zip;C:\PROGRA~1\IBM\SQLLIB\java\db2jcc4.jar;C:\PROGRA~1\IBM\SQLLIB\java\db2jcc_license_cu.jar;C:\PROGRA~1\IBM\SQLLIB\bin
PATH=C:\Program Files\Microsoft SDKs\Azure\CLI2\wbin;C:\Program Files\Eclipse Adoptium\jre-11.0.20.8-hotspot\bin;C:\Program Files (x86)\Eclipse Adoptium\jre-11.0.20.8-hotspot\bin;C:\Program Files (x86)\Windows Resource Kits\Tools\;C:\ide\installation\Java\jdk-11.0.10\bin;C:\Program Files (x86)\MKS Toolkit\mksnt;C:\PROGRA~2\MKSTOO~1\bin64;C:\PROGRA~2\MKSTOO~1\bin;C:\PROGRA~2\MKSTOO~1\bin\X11;C:\PROGRA~2\MKSTOO~1\mksnt;C:\ide\installation\Datastage\DS_11.7/jdk32\jre\bin;C:\ide\installation\Datastage\DS_11.7/jdk32\jre\bin\j9vm;C:\ide\installation\Datastage\DS_11.7\ASBNode\lib\cpp;C:\ide\installation\Datastage\DS_11.7\ASBNode\apps\proxy\cpp\vc60\MT_dll\bin;C:\Program Files (x86)\IBM\EHLLAPI\;C:\instantclient_11_2;C:\Program Files (x86)\Avaya\Proactive Contact 5.2\Services\3rdParty\Oracle11g;C:\Program Files (x86)\Avaya\Proactive Contact 5.2\Services\Common;C:\ProgramData\Oracle\Java\javapath;C:\windows\system32;C:\windows;C:\windows\System32\Wbem;C:\windows\System32\WindowsPowerShell\v1.0\;C:\windows\System32\OpenSSH\;C:\Program Files (x86)\Verint\Logger\;C:\Program Files (x86)\Verint\Playback\;C:\Program Files (x86)\SGP International\DataQuest Pro\;C:\Program Files (x86)\Microsoft SQL Server\Client SDK\ODBC\130\Tools\Binn\;C:\Program Files (x86)\Microsoft SQL Server\130\Tools\Binn\;C:\Program Files (x86)\Microsoft SQL Server\130\DTS\Binn\;C:\Program Files (x86)\Microsoft SQL Server\130\Tools\Binn\ManagementStudio\;C:\Program Files\Microsoft SQL Server\130\Tools\Binn\;C:\Program Files (x86)\Microsoft SQL Server\110\DTS\Binn\;C:\Program Files (x86)\Microsoft SQL Server\120\DTS\Binn\;C:\Program Files (x86)\Microsoft SQL Server\140\DTS\Binn\;C:\Program Files (x86)\Microsoft SQL Server\150\DTS\Binn\;C:\ide\installation\minikube;C:\ide\installation\Azure Data Studio\bin;C:\ide\installation\Go\bin;C:\ide\installation\Google\Cloud SDK\google-cloud-sdk\bin;C:\ide\installation\gradle\gradle-6.2-all\gradle-6.2\bin;C:\ide\installation\kubectl\kubectl.exe;C:\ide\installation\PuTTY\;C:
USERNAME=sstephen
SHELL=C:/PROGRA~2/MKSTOO~1/mksnt/sh.exe
DISPLAY=:0.0
OS=Windows_NT
PROCESSOR_IDENTIFIER=Intel64 Family 6 Model 85 Stepping 7, GenuineIntel



---------------  S Y S T E M  ---------------

OS: Windows Server 2019 , 64 bit Build 19041 (10.0.19041.4597)
OS uptime: 5 days 5:43 hours
Hyper-V role detected

CPU:total 8 (initial active 8) (4 cores per cpu, 2 threads per core) family 6 model 85 stepping 7 microcode 0xffffffff, cmov, cx8, fxsr, mmx, sse, sse2, sse3, ssse3, sse4.1, sse4.2, popcnt, avx, avx2, aes, clmul, erms, rtm, 3dnowpref, lzcnt, ht, tsc, bmi1, bmi2, adx, evex, fma

Memory: 4k page, system-wide physical 32767M (6350M free)
TotalPageFile size 40959M (AvailPageFile size 10M)
current process WorkingSet (physical memory assigned to process): 563M, peak: 582M
current process commit charge ("private bytes"): 626M, peak: 647M

vm_info: Dynamic Code Evolution 64-Bit Server VM (11.0.10+9-b1341.41) for windows-amd64 JRE (11.0.10+9-b1341.41), built on Apr 17 2021 07:18:15 by "" with MS VC++ 14.0 (VS2015)

END.
